ARM GAS  C:\Users\NICOMA~1\AppData\Local\Temp\ccJxGcaG.s 			page 1


   1              		.cpu arm1176jz-s
   2              		.fpu softvfp
   3              		.eabi_attribute 20, 1
   4              		.eabi_attribute 21, 1
   5              		.eabi_attribute 23, 3
   6              		.eabi_attribute 24, 1
   7              		.eabi_attribute 25, 1
   8              		.eabi_attribute 26, 1
   9              		.eabi_attribute 30, 2
  10              		.eabi_attribute 34, 1
  11              		.eabi_attribute 18, 4
  12              		.file	"board.c"
  13              		.text
  14              	.Ltext0:
  15              		.cfi_sections	.debug_frame
  16              		.section	.text.boardInit,"ax",%progbits
  17              		.align	2
  18              		.global	boardInit
  19              		.type	boardInit, %function
  20              	boardInit:
  21              	.LFB7:
  22              		.file 1 "../../boards/RASPBERRYPI_MODB/board.c"
  23              		.loc 1 38 0
  24              		.cfi_startproc
  25              		@ args = 0, pretend = 0, frame = 0
  26              		@ frame_needed = 0, uses_anonymous_args = 0
  27              		@ link register save eliminated.
  28 0000 1EFF2FE1 		bx	lr
  29              		.cfi_endproc
  30              	.LFE7:
  31              		.size	boardInit, .-boardInit
  32              		.global	pal_default_config
  33              		.section	.rodata.pal_default_config,"a",%progbits
  34              		.align	2
  35              		.type	pal_default_config, %object
  36              		.size	pal_default_config, 0
  37              	pal_default_config:
  38              		.text
  39              	.Letext0:
  40              		.file 2 "../../os/hal/platforms/BCM2835/pal_lld.h"
  41              		.section	.debug_info,"",%progbits
  42              	.Ldebug_info0:
  43 0000 BC000000 		.4byte	0xbc
  44 0004 0200     		.2byte	0x2
  45 0006 00000000 		.4byte	.Ldebug_abbrev0
  46 000a 04       		.byte	0x4
  47 000b 01       		.uleb128 0x1
  48 000c 41000000 		.4byte	.LASF12
  49 0010 01       		.byte	0x1
  50 0011 0E000000 		.4byte	.LASF13
  51 0015 69000000 		.4byte	.LASF14
  52 0019 00000000 		.4byte	.Ldebug_ranges0+0
  53 001d 00000000 		.4byte	0
  54 0021 00000000 		.4byte	0
  55 0025 00000000 		.4byte	.Ldebug_line0
  56 0029 02       		.uleb128 0x2
  57 002a 04       		.byte	0x4
ARM GAS  C:\Users\NICOMA~1\AppData\Local\Temp\ccJxGcaG.s 			page 2


  58 002b 05       		.byte	0x5
  59 002c 696E7400 		.ascii	"int\000"
  60 0030 03       		.uleb128 0x3
  61 0031 04       		.byte	0x4
  62 0032 07       		.byte	0x7
  63 0033 34000000 		.4byte	.LASF0
  64 0037 03       		.uleb128 0x3
  65 0038 01       		.byte	0x1
  66 0039 06       		.byte	0x6
  67 003a 03010000 		.4byte	.LASF1
  68 003e 03       		.uleb128 0x3
  69 003f 01       		.byte	0x1
  70 0040 08       		.byte	0x8
  71 0041 BB000000 		.4byte	.LASF2
  72 0045 03       		.uleb128 0x3
  73 0046 02       		.byte	0x2
  74 0047 05       		.byte	0x5
  75 0048 0F010000 		.4byte	.LASF3
  76 004c 03       		.uleb128 0x3
  77 004d 02       		.byte	0x2
  78 004e 07       		.byte	0x7
  79 004f F0000000 		.4byte	.LASF4
  80 0053 03       		.uleb128 0x3
  81 0054 04       		.byte	0x4
  82 0055 05       		.byte	0x5
  83 0056 CE000000 		.4byte	.LASF5
  84 005a 03       		.uleb128 0x3
  85 005b 04       		.byte	0x4
  86 005c 07       		.byte	0x7
  87 005d 57000000 		.4byte	.LASF6
  88 0061 03       		.uleb128 0x3
  89 0062 08       		.byte	0x8
  90 0063 05       		.byte	0x5
  91 0064 00000000 		.4byte	.LASF7
  92 0068 03       		.uleb128 0x3
  93 0069 08       		.byte	0x8
  94 006a 07       		.byte	0x7
  95 006b A4000000 		.4byte	.LASF8
  96 006f 03       		.uleb128 0x3
  97 0070 01       		.byte	0x1
  98 0071 02       		.byte	0x2
  99 0072 EA000000 		.4byte	.LASF9
 100 0076 03       		.uleb128 0x3
 101 0077 01       		.byte	0x1
 102 0078 08       		.byte	0x8
 103 0079 C9000000 		.4byte	.LASF10
 104 007d 03       		.uleb128 0x3
 105 007e 04       		.byte	0x4
 106 007f 07       		.byte	0x7
 107 0080 19010000 		.4byte	.LASF11
 108 0084 04       		.uleb128 0x4
 109 0085 00       		.byte	0
 110 0086 02       		.byte	0x2
 111 0087 43       		.byte	0x43
 112 0088 05       		.uleb128 0x5
 113 0089 22010000 		.4byte	.LASF15
 114 008d 02       		.byte	0x2
ARM GAS  C:\Users\NICOMA~1\AppData\Local\Temp\ccJxGcaG.s 			page 3


 115 008e 45       		.byte	0x45
 116 008f 84000000 		.4byte	0x84
 117 0093 06       		.uleb128 0x6
 118 0094 01       		.byte	0x1
 119 0095 4D000000 		.4byte	.LASF16
 120 0099 01       		.byte	0x1
 121 009a 26       		.byte	0x26
 122 009b 01       		.byte	0x1
 123 009c 00000000 		.4byte	.LFB7
 124 00a0 04000000 		.4byte	.LFE7
 125 00a4 02       		.byte	0x2
 126 00a5 7D       		.byte	0x7d
 127 00a6 00       		.sleb128 0
 128 00a7 01       		.byte	0x1
 129 00a8 07       		.uleb128 0x7
 130 00a9 D7000000 		.4byte	.LASF17
 131 00ad 01       		.byte	0x1
 132 00ae 1D       		.byte	0x1d
 133 00af BA000000 		.4byte	0xba
 134 00b3 01       		.byte	0x1
 135 00b4 05       		.byte	0x5
 136 00b5 03       		.byte	0x3
 137 00b6 00000000 		.4byte	pal_default_config
 138 00ba 08       		.uleb128 0x8
 139 00bb 88000000 		.4byte	0x88
 140 00bf 00       		.byte	0
 141              		.section	.debug_abbrev,"",%progbits
 142              	.Ldebug_abbrev0:
 143 0000 01       		.uleb128 0x1
 144 0001 11       		.uleb128 0x11
 145 0002 01       		.byte	0x1
 146 0003 25       		.uleb128 0x25
 147 0004 0E       		.uleb128 0xe
 148 0005 13       		.uleb128 0x13
 149 0006 0B       		.uleb128 0xb
 150 0007 03       		.uleb128 0x3
 151 0008 0E       		.uleb128 0xe
 152 0009 1B       		.uleb128 0x1b
 153 000a 0E       		.uleb128 0xe
 154 000b 55       		.uleb128 0x55
 155 000c 06       		.uleb128 0x6
 156 000d 11       		.uleb128 0x11
 157 000e 01       		.uleb128 0x1
 158 000f 52       		.uleb128 0x52
 159 0010 01       		.uleb128 0x1
 160 0011 10       		.uleb128 0x10
 161 0012 06       		.uleb128 0x6
 162 0013 00       		.byte	0
 163 0014 00       		.byte	0
 164 0015 02       		.uleb128 0x2
 165 0016 24       		.uleb128 0x24
 166 0017 00       		.byte	0
 167 0018 0B       		.uleb128 0xb
 168 0019 0B       		.uleb128 0xb
 169 001a 3E       		.uleb128 0x3e
 170 001b 0B       		.uleb128 0xb
 171 001c 03       		.uleb128 0x3
ARM GAS  C:\Users\NICOMA~1\AppData\Local\Temp\ccJxGcaG.s 			page 4


 172 001d 08       		.uleb128 0x8
 173 001e 00       		.byte	0
 174 001f 00       		.byte	0
 175 0020 03       		.uleb128 0x3
 176 0021 24       		.uleb128 0x24
 177 0022 00       		.byte	0
 178 0023 0B       		.uleb128 0xb
 179 0024 0B       		.uleb128 0xb
 180 0025 3E       		.uleb128 0x3e
 181 0026 0B       		.uleb128 0xb
 182 0027 03       		.uleb128 0x3
 183 0028 0E       		.uleb128 0xe
 184 0029 00       		.byte	0
 185 002a 00       		.byte	0
 186 002b 04       		.uleb128 0x4
 187 002c 13       		.uleb128 0x13
 188 002d 00       		.byte	0
 189 002e 0B       		.uleb128 0xb
 190 002f 0B       		.uleb128 0xb
 191 0030 3A       		.uleb128 0x3a
 192 0031 0B       		.uleb128 0xb
 193 0032 3B       		.uleb128 0x3b
 194 0033 0B       		.uleb128 0xb
 195 0034 00       		.byte	0
 196 0035 00       		.byte	0
 197 0036 05       		.uleb128 0x5
 198 0037 16       		.uleb128 0x16
 199 0038 00       		.byte	0
 200 0039 03       		.uleb128 0x3
 201 003a 0E       		.uleb128 0xe
 202 003b 3A       		.uleb128 0x3a
 203 003c 0B       		.uleb128 0xb
 204 003d 3B       		.uleb128 0x3b
 205 003e 0B       		.uleb128 0xb
 206 003f 49       		.uleb128 0x49
 207 0040 13       		.uleb128 0x13
 208 0041 00       		.byte	0
 209 0042 00       		.byte	0
 210 0043 06       		.uleb128 0x6
 211 0044 2E       		.uleb128 0x2e
 212 0045 00       		.byte	0
 213 0046 3F       		.uleb128 0x3f
 214 0047 0C       		.uleb128 0xc
 215 0048 03       		.uleb128 0x3
 216 0049 0E       		.uleb128 0xe
 217 004a 3A       		.uleb128 0x3a
 218 004b 0B       		.uleb128 0xb
 219 004c 3B       		.uleb128 0x3b
 220 004d 0B       		.uleb128 0xb
 221 004e 27       		.uleb128 0x27
 222 004f 0C       		.uleb128 0xc
 223 0050 11       		.uleb128 0x11
 224 0051 01       		.uleb128 0x1
 225 0052 12       		.uleb128 0x12
 226 0053 01       		.uleb128 0x1
 227 0054 40       		.uleb128 0x40
 228 0055 0A       		.uleb128 0xa
ARM GAS  C:\Users\NICOMA~1\AppData\Local\Temp\ccJxGcaG.s 			page 5


 229 0056 9742     		.uleb128 0x2117
 230 0058 0C       		.uleb128 0xc
 231 0059 00       		.byte	0
 232 005a 00       		.byte	0
 233 005b 07       		.uleb128 0x7
 234 005c 34       		.uleb128 0x34
 235 005d 00       		.byte	0
 236 005e 03       		.uleb128 0x3
 237 005f 0E       		.uleb128 0xe
 238 0060 3A       		.uleb128 0x3a
 239 0061 0B       		.uleb128 0xb
 240 0062 3B       		.uleb128 0x3b
 241 0063 0B       		.uleb128 0xb
 242 0064 49       		.uleb128 0x49
 243 0065 13       		.uleb128 0x13
 244 0066 3F       		.uleb128 0x3f
 245 0067 0C       		.uleb128 0xc
 246 0068 02       		.uleb128 0x2
 247 0069 0A       		.uleb128 0xa
 248 006a 00       		.byte	0
 249 006b 00       		.byte	0
 250 006c 08       		.uleb128 0x8
 251 006d 26       		.uleb128 0x26
 252 006e 00       		.byte	0
 253 006f 49       		.uleb128 0x49
 254 0070 13       		.uleb128 0x13
 255 0071 00       		.byte	0
 256 0072 00       		.byte	0
 257 0073 00       		.byte	0
 258              		.section	.debug_aranges,"",%progbits
 259 0000 1C000000 		.4byte	0x1c
 260 0004 0200     		.2byte	0x2
 261 0006 00000000 		.4byte	.Ldebug_info0
 262 000a 04       		.byte	0x4
 263 000b 00       		.byte	0
 264 000c 0000     		.2byte	0
 265 000e 0000     		.2byte	0
 266 0010 00000000 		.4byte	.LFB7
 267 0014 04000000 		.4byte	.LFE7-.LFB7
 268 0018 00000000 		.4byte	0
 269 001c 00000000 		.4byte	0
 270              		.section	.debug_ranges,"",%progbits
 271              	.Ldebug_ranges0:
 272 0000 00000000 		.4byte	.LFB7
 273 0004 04000000 		.4byte	.LFE7
 274 0008 00000000 		.4byte	0
 275 000c 00000000 		.4byte	0
 276              		.section	.debug_line,"",%progbits
 277              	.Ldebug_line0:
 278 0000 7D000000 		.section	.debug_str,"MS",%progbits,1
 278      02006800 
 278      00000201 
 278      FB0E0D00 
 278      01010101 
 279              	.LASF7:
 280 0000 6C6F6E67 		.ascii	"long long int\000"
 280      206C6F6E 
ARM GAS  C:\Users\NICOMA~1\AppData\Local\Temp\ccJxGcaG.s 			page 6


 280      6720696E 
 280      7400
 281              	.LASF13:
 282 000e 2E2E2F2E 		.ascii	"../../boards/RASPBERRYPI_MODB/board.c\000"
 282      2E2F626F 
 282      61726473 
 282      2F524153 
 282      50424552 
 283              	.LASF0:
 284 0034 756E7369 		.ascii	"unsigned int\000"
 284      676E6564 
 284      20696E74 
 284      00
 285              	.LASF12:
 286 0041 474E5520 		.ascii	"GNU C 4.7.2\000"
 286      4320342E 
 286      372E3200 
 287              	.LASF16:
 288 004d 626F6172 		.ascii	"boardInit\000"
 288      64496E69 
 288      7400
 289              	.LASF6:
 290 0057 6C6F6E67 		.ascii	"long unsigned int\000"
 290      20756E73 
 290      69676E65 
 290      6420696E 
 290      7400
 291              	.LASF14:
 292 0069 433A5C55 		.ascii	"C:\\Users\\Nico Maas\\Desktop\\ChibiOS\\demos\\ARM1"
 292      73657273 
 292      5C4E6963 
 292      6F204D61 
 292      61735C44 
 293 0096 312D4243 		.ascii	"1-BCM2835-GCC\000"
 293      4D323833 
 293      352D4743 
 293      4300
 294              	.LASF8:
 295 00a4 6C6F6E67 		.ascii	"long long unsigned int\000"
 295      206C6F6E 
 295      6720756E 
 295      7369676E 
 295      65642069 
 296              	.LASF2:
 297 00bb 756E7369 		.ascii	"unsigned char\000"
 297      676E6564 
 297      20636861 
 297      7200
 298              	.LASF10:
 299 00c9 63686172 		.ascii	"char\000"
 299      00
 300              	.LASF5:
 301 00ce 6C6F6E67 		.ascii	"long int\000"
 301      20696E74 
 301      00
 302              	.LASF17:
 303 00d7 70616C5F 		.ascii	"pal_default_config\000"
ARM GAS  C:\Users\NICOMA~1\AppData\Local\Temp\ccJxGcaG.s 			page 7


 303      64656661 
 303      756C745F 
 303      636F6E66 
 303      696700
 304              	.LASF9:
 305 00ea 5F426F6F 		.ascii	"_Bool\000"
 305      6C00
 306              	.LASF4:
 307 00f0 73686F72 		.ascii	"short unsigned int\000"
 307      7420756E 
 307      7369676E 
 307      65642069 
 307      6E7400
 308              	.LASF1:
 309 0103 7369676E 		.ascii	"signed char\000"
 309      65642063 
 309      68617200 
 310              	.LASF3:
 311 010f 73686F72 		.ascii	"short int\000"
 311      7420696E 
 311      7400
 312              	.LASF11:
 313 0119 73697A65 		.ascii	"sizetype\000"
 313      74797065 
 313      00
 314              	.LASF15:
 315 0122 50414C43 		.ascii	"PALConfig\000"
 315      6F6E6669 
 315      6700
 316              		.ident	"GCC: (GNU) 4.7.2"
ARM GAS  C:\Users\NICOMA~1\AppData\Local\Temp\ccJxGcaG.s 			page 8


DEFINED SYMBOLS
                            *ABS*:00000000 board.c
C:\Users\NICOMA~1\AppData\Local\Temp\ccJxGcaG.s:17     .text.boardInit:00000000 $a
C:\Users\NICOMA~1\AppData\Local\Temp\ccJxGcaG.s:20     .text.boardInit:00000000 boardInit
C:\Users\NICOMA~1\AppData\Local\Temp\ccJxGcaG.s:37     .rodata.pal_default_config:00000000 pal_default_config
                     .debug_frame:00000010 $d

NO UNDEFINED SYMBOLS
