ARM GAS  C:\Users\NICOMA~1\AppData\Local\Temp\ccceqdfi.s 			page 1


   1              		.cpu arm1176jz-s
   2              		.fpu softvfp
   3              		.eabi_attribute 20, 1
   4              		.eabi_attribute 21, 1
   5              		.eabi_attribute 23, 3
   6              		.eabi_attribute 24, 1
   7              		.eabi_attribute 25, 1
   8              		.eabi_attribute 26, 1
   9              		.eabi_attribute 30, 2
  10              		.eabi_attribute 34, 1
  11              		.eabi_attribute 18, 4
  12              		.file	"chmsg.c"
  13              		.text
  14              	.Ltext0:
  15              		.cfi_sections	.debug_frame
  16              		.section	.text.chMsgSend,"ax",%progbits
  17              		.align	2
  18              		.global	chMsgSend
  19              		.type	chMsgSend, %function
  20              	chMsgSend:
  21              	.LFB7:
  22              		.file 1 "../../os/kernel/src/chmsg.c"
  23              		.loc 1 75 0
  24              		.cfi_startproc
  25              		@ args = 0, pretend = 0, frame = 0
  26              		@ frame_needed = 0, uses_anonymous_args = 0
  27              	.LVL0:
  28 0000 10402DE9 		stmfd	sp!, {r4, lr}
  29              	.LCFI0:
  30              		.cfi_def_cfa_offset 8
  31              		.cfi_offset 4, -8
  32              		.cfi_offset 14, -4
  33              		.loc 1 76 0
  34 0004 4C209FE5 		ldr	r2, .L5
  35 0008 184092E5 		ldr	r4, [r2, #24]
  36              	.LVL1:
  37              		.loc 1 80 0
  38              	@ 80 "../../os/kernel/src/chmsg.c" 1
  39 000c 9FF021E3 		msr     CPSR_c, #0x9F
  40              	@ 0 "" 2
  41              		.loc 1 82 0
  42 0010 2CC080E2 		add	ip, r0, #44
  43 0014 24C084E5 		str	ip, [r4, #36]
  44              	.LVL2:
  45              		.loc 1 84 0
  46 0018 1CE0D0E5 		ldrb	lr, [r0, #28]	@ zero_extendqisi2
  47              	.LBB6:
  48              	.LBB7:
  49              		.file 2 "../../os/kernel/include/chinline.h"
  50              		.loc 2 55 0
  51 001c 302090E5 		ldr	r2, [r0, #48]
  52              	.LBE7:
  53              	.LBE6:
  54              		.loc 1 84 0
  55 0020 0C005EE3 		cmp	lr, #12
  56              	.LBB10:
  57              	.LBB8:
ARM GAS  C:\Users\NICOMA~1\AppData\Local\Temp\ccceqdfi.s 			page 2


  58              		.loc 2 54 0
  59 0024 00C084E5 		str	ip, [r4, #0]
  60              	.LBE8:
  61              	.LBE10:
  62              		.loc 1 81 0
  63 0028 341084E5 		str	r1, [r4, #52]
  64              	.LBB11:
  65              	.LBB9:
  66              		.loc 2 55 0
  67 002c 042084E5 		str	r2, [r4, #4]
  68              		.loc 2 56 0
  69 0030 304080E5 		str	r4, [r0, #48]
  70 0034 004082E5 		str	r4, [r2, #0]
  71              	.LBE9:
  72              	.LBE11:
  73              		.loc 1 84 0
  74 0038 0400000A 		beq	.L4
  75              	.LVL3:
  76              	.L2:
  77              		.loc 1 86 0
  78 003c 0A00A0E3 		mov	r0, #10
  79 0040 FEFFFFEB 		bl	chSchGoSleepS
  80              	.LVL4:
  81              		.loc 1 87 0
  82 0044 240094E5 		ldr	r0, [r4, #36]
  83              	.LVL5:
  84              		.loc 1 88 0
  85              	@ 88 "../../os/kernel/src/chmsg.c" 1
  86 0048 1FF021E3 		msr     CPSR_c, #0x1F
  87              	@ 0 "" 2
  88              		.loc 1 90 0
  89 004c 1080BDE8 		ldmfd	sp!, {r4, pc}
  90              	.LVL6:
  91              	.L4:
  92              		.loc 1 85 0
  93 0050 FEFFFFEB 		bl	chSchReadyI
  94              	.LVL7:
  95 0054 F8FFFFEA 		b	.L2
  96              	.L6:
  97              		.align	2
  98              	.L5:
  99 0058 00000000 		.word	rlist
 100              		.cfi_endproc
 101              	.LFE7:
 102              		.size	chMsgSend, .-chMsgSend
 103              		.section	.text.chMsgWait,"ax",%progbits
 104              		.align	2
 105              		.global	chMsgWait
 106              		.type	chMsgWait, %function
 107              	chMsgWait:
 108              	.LFB8:
 109              		.loc 1 106 0
 110              		.cfi_startproc
 111              		@ args = 0, pretend = 0, frame = 0
 112              		@ frame_needed = 0, uses_anonymous_args = 0
 113 0000 10402DE9 		stmfd	sp!, {r4, lr}
 114              	.LCFI1:
ARM GAS  C:\Users\NICOMA~1\AppData\Local\Temp\ccceqdfi.s 			page 3


 115              		.cfi_def_cfa_offset 8
 116              		.cfi_offset 4, -8
 117              		.cfi_offset 14, -4
 118              		.loc 1 109 0
 119              	@ 109 "../../os/kernel/src/chmsg.c" 1
 120 0004 9FF021E3 		msr     CPSR_c, #0x9F
 121              	@ 0 "" 2
 122              		.loc 1 110 0
 123 0008 44409FE5 		ldr	r4, .L10
 124 000c 182094E5 		ldr	r2, [r4, #24]
 125 0010 0230A0E1 		mov	r3, r2
 126 0014 2C00B3E5 		ldr	r0, [r3, #44]!
 127 0018 030050E1 		cmp	r0, r3
 128 001c 0600000A 		beq	.L9
 129              	.L8:
 130              	.LVL8:
 131              	.LBB12:
 132              	.LBB13:
 133              		.loc 2 62 0
 134 0020 001090E5 		ldr	r1, [r0, #0]
 135 0024 2C1082E5 		str	r1, [r2, #44]
 136 0028 043081E5 		str	r3, [r1, #4]
 137              	.LBE13:
 138              	.LBE12:
 139              		.loc 1 113 0
 140 002c 0B30A0E3 		mov	r3, #11
 141 0030 1C30C0E5 		strb	r3, [r0, #28]
 142              		.loc 1 114 0
 143              	@ 114 "../../os/kernel/src/chmsg.c" 1
 144 0034 1FF021E3 		msr     CPSR_c, #0x1F
 145              	@ 0 "" 2
 146              		.loc 1 116 0
 147 0038 1080BDE8 		ldmfd	sp!, {r4, pc}
 148              	.LVL9:
 149              	.L9:
 150              		.loc 1 111 0
 151 003c 0C00A0E3 		mov	r0, #12
 152 0040 FEFFFFEB 		bl	chSchGoSleepS
 153              	.LVL10:
 154 0044 182094E5 		ldr	r2, [r4, #24]
 155 0048 0230A0E1 		mov	r3, r2
 156 004c 2C00B3E5 		ldr	r0, [r3, #44]!
 157 0050 F2FFFFEA 		b	.L8
 158              	.L11:
 159              		.align	2
 160              	.L10:
 161 0054 00000000 		.word	rlist
 162              		.cfi_endproc
 163              	.LFE8:
 164              		.size	chMsgWait, .-chMsgWait
 165              		.section	.text.chMsgRelease,"ax",%progbits
 166              		.align	2
 167              		.global	chMsgRelease
 168              		.type	chMsgRelease, %function
 169              	chMsgRelease:
 170              	.LFB9:
 171              		.loc 1 128 0
ARM GAS  C:\Users\NICOMA~1\AppData\Local\Temp\ccceqdfi.s 			page 4


 172              		.cfi_startproc
 173              		@ args = 0, pretend = 0, frame = 0
 174              		@ frame_needed = 0, uses_anonymous_args = 0
 175              	.LVL11:
 176 0000 08402DE9 		stmfd	sp!, {r3, lr}
 177              	.LCFI2:
 178              		.cfi_def_cfa_offset 8
 179              		.cfi_offset 3, -8
 180              		.cfi_offset 14, -4
 181              		.loc 1 130 0
 182              	@ 130 "../../os/kernel/src/chmsg.c" 1
 183 0004 9FF021E3 		msr     CPSR_c, #0x9F
 184              	@ 0 "" 2
 185              		.loc 1 133 0
 186 0008 FEFFFFEB 		bl	chSchWakeupS
 187              	.LVL12:
 188              		.loc 1 134 0
 189              	@ 134 "../../os/kernel/src/chmsg.c" 1
 190 000c 1FF021E3 		msr     CPSR_c, #0x1F
 191              	@ 0 "" 2
 192 0010 0880BDE8 		ldmfd	sp!, {r3, pc}
 193              		.cfi_endproc
 194              	.LFE9:
 195              		.size	chMsgRelease, .-chMsgRelease
 196              		.text
 197              	.Letext0:
 198              		.file 3 "c:/yagarto-20121222/lib/gcc/../../arm-none-eabi/sys-include/stdint.h"
 199              		.file 4 "../../os/ports/GCC/ARM/chtypes.h"
 200              		.file 5 "../../os/kernel/include/chlists.h"
 201              		.file 6 "../../os/kernel/include/chthreads.h"
 202              		.file 7 "../../os/ports/GCC/ARM/chcore.h"
 203              		.file 8 "../../os/kernel/include/chschd.h"
 204              		.file 9 "../../os/kernel/include/chmtx.h"
 205              		.section	.debug_info,"",%progbits
 206              	.Ldebug_info0:
 207 0000 00060000 		.4byte	0x600
 208 0004 0200     		.2byte	0x2
 209 0006 00000000 		.4byte	.Ldebug_abbrev0
 210 000a 04       		.byte	0x4
 211 000b 01       		.uleb128 0x1
 212 000c 67010000 		.4byte	.LASF64
 213 0010 01       		.byte	0x1
 214 0011 CF020000 		.4byte	.LASF65
 215 0015 91000000 		.4byte	.LASF66
 216 0019 20000000 		.4byte	.Ldebug_ranges0+0x20
 217 001d 00000000 		.4byte	0
 218 0021 00000000 		.4byte	0
 219 0025 00000000 		.4byte	.Ldebug_line0
 220 0029 02       		.uleb128 0x2
 221 002a 04       		.byte	0x4
 222 002b 05       		.byte	0x5
 223 002c 696E7400 		.ascii	"int\000"
 224 0030 03       		.uleb128 0x3
 225 0031 04       		.byte	0x4
 226 0032 07       		.byte	0x7
 227 0033 DD000000 		.4byte	.LASF0
 228 0037 03       		.uleb128 0x3
ARM GAS  C:\Users\NICOMA~1\AppData\Local\Temp\ccceqdfi.s 			page 5


 229 0038 01       		.byte	0x1
 230 0039 06       		.byte	0x6
 231 003a 4F000000 		.4byte	.LASF1
 232 003e 04       		.uleb128 0x4
 233 003f B9020000 		.4byte	.LASF5
 234 0043 03       		.byte	0x3
 235 0044 2A       		.byte	0x2a
 236 0045 49000000 		.4byte	0x49
 237 0049 03       		.uleb128 0x3
 238 004a 01       		.byte	0x1
 239 004b 08       		.byte	0x8
 240 004c AA010000 		.4byte	.LASF2
 241 0050 03       		.uleb128 0x3
 242 0051 02       		.byte	0x2
 243 0052 05       		.byte	0x5
 244 0053 C2010000 		.4byte	.LASF3
 245 0057 03       		.uleb128 0x3
 246 0058 02       		.byte	0x2
 247 0059 07       		.byte	0x7
 248 005a 04010000 		.4byte	.LASF4
 249 005e 04       		.uleb128 0x4
 250 005f A2010000 		.4byte	.LASF6
 251 0063 03       		.byte	0x3
 252 0064 4F       		.byte	0x4f
 253 0065 69000000 		.4byte	0x69
 254 0069 03       		.uleb128 0x3
 255 006a 04       		.byte	0x4
 256 006b 05       		.byte	0x5
 257 006c 6D000000 		.4byte	.LASF7
 258 0070 04       		.uleb128 0x4
 259 0071 28020000 		.4byte	.LASF8
 260 0075 03       		.byte	0x3
 261 0076 50       		.byte	0x50
 262 0077 7B000000 		.4byte	0x7b
 263 007b 03       		.uleb128 0x3
 264 007c 04       		.byte	0x4
 265 007d 07       		.byte	0x7
 266 007e EA000000 		.4byte	.LASF9
 267 0082 03       		.uleb128 0x3
 268 0083 08       		.byte	0x8
 269 0084 05       		.byte	0x5
 270 0085 41000000 		.4byte	.LASF10
 271 0089 03       		.uleb128 0x3
 272 008a 08       		.byte	0x8
 273 008b 07       		.byte	0x7
 274 008c 1A000000 		.4byte	.LASF11
 275 0090 03       		.uleb128 0x3
 276 0091 01       		.byte	0x1
 277 0092 02       		.byte	0x2
 278 0093 9C010000 		.4byte	.LASF12
 279 0097 04       		.uleb128 0x4
 280 0098 1D010000 		.4byte	.LASF13
 281 009c 04       		.byte	0x4
 282 009d 2C       		.byte	0x2c
 283 009e 3E000000 		.4byte	0x3e
 284 00a2 04       		.uleb128 0x4
 285 00a3 80000000 		.4byte	.LASF14
ARM GAS  C:\Users\NICOMA~1\AppData\Local\Temp\ccceqdfi.s 			page 6


 286 00a7 04       		.byte	0x4
 287 00a8 2D       		.byte	0x2d
 288 00a9 3E000000 		.4byte	0x3e
 289 00ad 04       		.uleb128 0x4
 290 00ae 85010000 		.4byte	.LASF15
 291 00b2 04       		.byte	0x4
 292 00b3 2E       		.byte	0x2e
 293 00b4 3E000000 		.4byte	0x3e
 294 00b8 04       		.uleb128 0x4
 295 00b9 63000000 		.4byte	.LASF16
 296 00bd 04       		.byte	0x4
 297 00be 2F       		.byte	0x2f
 298 00bf 3E000000 		.4byte	0x3e
 299 00c3 04       		.uleb128 0x4
 300 00c4 94010000 		.4byte	.LASF17
 301 00c8 04       		.byte	0x4
 302 00c9 30       		.byte	0x30
 303 00ca 70000000 		.4byte	0x70
 304 00ce 04       		.uleb128 0x4
 305 00cf 17010000 		.4byte	.LASF18
 306 00d3 04       		.byte	0x4
 307 00d4 31       		.byte	0x31
 308 00d5 5E000000 		.4byte	0x5e
 309 00d9 04       		.uleb128 0x4
 310 00da 31010000 		.4byte	.LASF19
 311 00de 04       		.byte	0x4
 312 00df 33       		.byte	0x33
 313 00e0 70000000 		.4byte	0x70
 314 00e4 04       		.uleb128 0x4
 315 00e5 5D020000 		.4byte	.LASF20
 316 00e9 04       		.byte	0x4
 317 00ea 35       		.byte	0x35
 318 00eb 70000000 		.4byte	0x70
 319 00ef 04       		.uleb128 0x4
 320 00f0 FB010000 		.4byte	.LASF21
 321 00f4 05       		.byte	0x5
 322 00f5 2A       		.byte	0x2a
 323 00f6 FA000000 		.4byte	0xfa
 324 00fa 05       		.uleb128 0x5
 325 00fb FB010000 		.4byte	.LASF21
 326 00ff 44       		.byte	0x44
 327 0100 06       		.byte	0x6
 328 0101 5E       		.byte	0x5e
 329 0102 11020000 		.4byte	0x211
 330 0106 06       		.uleb128 0x6
 331 0107 EC010000 		.4byte	.LASF22
 332 010b 06       		.byte	0x6
 333 010c 5F       		.byte	0x5f
 334 010d 36020000 		.4byte	0x236
 335 0111 02       		.byte	0x2
 336 0112 23       		.byte	0x23
 337 0113 00       		.uleb128 0
 338 0114 06       		.uleb128 0x6
 339 0115 8D010000 		.4byte	.LASF23
 340 0119 06       		.byte	0x6
 341 011a 61       		.byte	0x61
 342 011b 36020000 		.4byte	0x236
ARM GAS  C:\Users\NICOMA~1\AppData\Local\Temp\ccceqdfi.s 			page 7


 343 011f 02       		.byte	0x2
 344 0120 23       		.byte	0x23
 345 0121 04       		.uleb128 0x4
 346 0122 06       		.uleb128 0x6
 347 0123 3A000000 		.4byte	.LASF24
 348 0127 06       		.byte	0x6
 349 0128 63       		.byte	0x63
 350 0129 C3000000 		.4byte	0xc3
 351 012d 02       		.byte	0x2
 352 012e 23       		.byte	0x23
 353 012f 08       		.uleb128 0x8
 354 0130 06       		.uleb128 0x6
 355 0131 F3020000 		.4byte	.LASF25
 356 0135 06       		.byte	0x6
 357 0136 64       		.byte	0x64
 358 0137 FA020000 		.4byte	0x2fa
 359 013b 02       		.byte	0x2
 360 013c 23       		.byte	0x23
 361 013d 0C       		.uleb128 0xc
 362 013e 06       		.uleb128 0x6
 363 013f 89000000 		.4byte	.LASF26
 364 0143 06       		.byte	0x6
 365 0144 66       		.byte	0x66
 366 0145 36020000 		.4byte	0x236
 367 0149 02       		.byte	0x2
 368 014a 23       		.byte	0x23
 369 014b 10       		.uleb128 0x10
 370 014c 06       		.uleb128 0x6
 371 014d 4C010000 		.4byte	.LASF27
 372 0151 06       		.byte	0x6
 373 0152 67       		.byte	0x67
 374 0153 36020000 		.4byte	0x236
 375 0157 02       		.byte	0x2
 376 0158 23       		.byte	0x23
 377 0159 14       		.uleb128 0x14
 378 015a 06       		.uleb128 0x6
 379 015b C8020000 		.4byte	.LASF28
 380 015f 06       		.byte	0x6
 381 0160 6E       		.byte	0x6e
 382 0161 05040000 		.4byte	0x405
 383 0165 02       		.byte	0x2
 384 0166 23       		.byte	0x23
 385 0167 18       		.uleb128 0x18
 386 0168 06       		.uleb128 0x6
 387 0169 CC010000 		.4byte	.LASF29
 388 016d 06       		.byte	0x6
 389 016e 79       		.byte	0x79
 390 016f A2000000 		.4byte	0xa2
 391 0173 02       		.byte	0x2
 392 0174 23       		.byte	0x23
 393 0175 1C       		.uleb128 0x1c
 394 0176 06       		.uleb128 0x6
 395 0177 F3010000 		.4byte	.LASF30
 396 017b 06       		.byte	0x6
 397 017c 7D       		.byte	0x7d
 398 017d 97000000 		.4byte	0x97
 399 0181 02       		.byte	0x2
ARM GAS  C:\Users\NICOMA~1\AppData\Local\Temp\ccceqdfi.s 			page 8


 400 0182 23       		.byte	0x23
 401 0183 1D       		.uleb128 0x1d
 402 0184 06       		.uleb128 0x6
 403 0185 A2020000 		.4byte	.LASF31
 404 0189 06       		.byte	0x6
 405 018a 82       		.byte	0x82
 406 018b AD000000 		.4byte	0xad
 407 018f 02       		.byte	0x2
 408 0190 23       		.byte	0x23
 409 0191 1E       		.uleb128 0x1e
 410 0192 06       		.uleb128 0x6
 411 0193 D4010000 		.4byte	.LASF32
 412 0197 06       		.byte	0x6
 413 0198 88       		.byte	0x88
 414 0199 B8000000 		.4byte	0xb8
 415 019d 02       		.byte	0x2
 416 019e 23       		.byte	0x23
 417 019f 1F       		.uleb128 0x1f
 418 01a0 06       		.uleb128 0x6
 419 01a1 72020000 		.4byte	.LASF33
 420 01a5 06       		.byte	0x6
 421 01a6 8F       		.byte	0x8f
 422 01a7 1B030000 		.4byte	0x31b
 423 01ab 02       		.byte	0x2
 424 01ac 23       		.byte	0x23
 425 01ad 20       		.uleb128 0x20
 426 01ae 07       		.uleb128 0x7
 427 01af 705F7500 		.ascii	"p_u\000"
 428 01b3 06       		.byte	0x6
 429 01b4 B4       		.byte	0xb4
 430 01b5 D0030000 		.4byte	0x3d0
 431 01b9 02       		.byte	0x2
 432 01ba 23       		.byte	0x23
 433 01bb 24       		.uleb128 0x24
 434 01bc 06       		.uleb128 0x6
 435 01bd F9020000 		.4byte	.LASF34
 436 01c1 06       		.byte	0x6
 437 01c2 B9       		.byte	0xb9
 438 01c3 5E020000 		.4byte	0x25e
 439 01c7 02       		.byte	0x2
 440 01c8 23       		.byte	0x23
 441 01c9 28       		.uleb128 0x28
 442 01ca 06       		.uleb128 0x6
 443 01cb 80020000 		.4byte	.LASF35
 444 01cf 06       		.byte	0x6
 445 01d0 BF       		.byte	0xbf
 446 01d1 3C020000 		.4byte	0x23c
 447 01d5 02       		.byte	0x2
 448 01d6 23       		.byte	0x23
 449 01d7 2C       		.uleb128 0x2c
 450 01d8 06       		.uleb128 0x6
 451 01d9 00000000 		.4byte	.LASF36
 452 01dd 06       		.byte	0x6
 453 01de C3       		.byte	0xc3
 454 01df CE000000 		.4byte	0xce
 455 01e3 02       		.byte	0x2
 456 01e4 23       		.byte	0x23
ARM GAS  C:\Users\NICOMA~1\AppData\Local\Temp\ccceqdfi.s 			page 9


 457 01e5 34       		.uleb128 0x34
 458 01e6 06       		.uleb128 0x6
 459 01e7 1D020000 		.4byte	.LASF37
 460 01eb 06       		.byte	0x6
 461 01ec C9       		.byte	0xc9
 462 01ed D9000000 		.4byte	0xd9
 463 01f1 02       		.byte	0x2
 464 01f2 23       		.byte	0x23
 465 01f3 38       		.uleb128 0x38
 466 01f4 06       		.uleb128 0x6
 467 01f5 B8010000 		.4byte	.LASF38
 468 01f9 06       		.byte	0x6
 469 01fa D0       		.byte	0xd0
 470 01fb 17040000 		.4byte	0x417
 471 01ff 02       		.byte	0x2
 472 0200 23       		.byte	0x23
 473 0201 3C       		.uleb128 0x3c
 474 0202 06       		.uleb128 0x6
 475 0203 67020000 		.4byte	.LASF39
 476 0207 06       		.byte	0x6
 477 0208 D4       		.byte	0xd4
 478 0209 C3000000 		.4byte	0xc3
 479 020d 02       		.byte	0x2
 480 020e 23       		.byte	0x23
 481 020f 40       		.uleb128 0x40
 482 0210 00       		.byte	0
 483 0211 08       		.uleb128 0x8
 484 0212 08       		.byte	0x8
 485 0213 05       		.byte	0x5
 486 0214 61       		.byte	0x61
 487 0215 36020000 		.4byte	0x236
 488 0219 06       		.uleb128 0x6
 489 021a EC010000 		.4byte	.LASF22
 490 021e 05       		.byte	0x5
 491 021f 62       		.byte	0x62
 492 0220 36020000 		.4byte	0x236
 493 0224 02       		.byte	0x2
 494 0225 23       		.byte	0x23
 495 0226 00       		.uleb128 0
 496 0227 06       		.uleb128 0x6
 497 0228 8D010000 		.4byte	.LASF23
 498 022c 05       		.byte	0x5
 499 022d 64       		.byte	0x64
 500 022e 36020000 		.4byte	0x236
 501 0232 02       		.byte	0x2
 502 0233 23       		.byte	0x23
 503 0234 04       		.uleb128 0x4
 504 0235 00       		.byte	0
 505 0236 09       		.uleb128 0x9
 506 0237 04       		.byte	0x4
 507 0238 EF000000 		.4byte	0xef
 508 023c 04       		.uleb128 0x4
 509 023d 5A010000 		.4byte	.LASF40
 510 0241 05       		.byte	0x5
 511 0242 66       		.byte	0x66
 512 0243 11020000 		.4byte	0x211
 513 0247 08       		.uleb128 0x8
ARM GAS  C:\Users\NICOMA~1\AppData\Local\Temp\ccceqdfi.s 			page 10


 514 0248 04       		.byte	0x4
 515 0249 05       		.byte	0x5
 516 024a 6B       		.byte	0x6b
 517 024b 5E020000 		.4byte	0x25e
 518 024f 06       		.uleb128 0x6
 519 0250 EC010000 		.4byte	.LASF22
 520 0254 05       		.byte	0x5
 521 0255 6D       		.byte	0x6d
 522 0256 36020000 		.4byte	0x236
 523 025a 02       		.byte	0x2
 524 025b 23       		.byte	0x23
 525 025c 00       		.uleb128 0
 526 025d 00       		.byte	0
 527 025e 04       		.uleb128 0x4
 528 025f 25010000 		.4byte	.LASF41
 529 0263 05       		.byte	0x5
 530 0264 70       		.byte	0x70
 531 0265 47020000 		.4byte	0x247
 532 0269 04       		.uleb128 0x4
 533 026a D4000000 		.4byte	.LASF42
 534 026e 07       		.byte	0x7
 535 026f A9       		.byte	0xa9
 536 0270 74020000 		.4byte	0x274
 537 0274 0A       		.uleb128 0xa
 538 0275 04       		.byte	0x4
 539 0276 05       		.uleb128 0x5
 540 0277 79020000 		.4byte	.LASF43
 541 027b 24       		.byte	0x24
 542 027c 07       		.byte	0x7
 543 027d C0       		.byte	0xc0
 544 027e FA020000 		.4byte	0x2fa
 545 0282 07       		.uleb128 0x7
 546 0283 723400   		.ascii	"r4\000"
 547 0286 07       		.byte	0x7
 548 0287 C1       		.byte	0xc1
 549 0288 69020000 		.4byte	0x269
 550 028c 02       		.byte	0x2
 551 028d 23       		.byte	0x23
 552 028e 00       		.uleb128 0
 553 028f 07       		.uleb128 0x7
 554 0290 723500   		.ascii	"r5\000"
 555 0293 07       		.byte	0x7
 556 0294 C2       		.byte	0xc2
 557 0295 69020000 		.4byte	0x269
 558 0299 02       		.byte	0x2
 559 029a 23       		.byte	0x23
 560 029b 04       		.uleb128 0x4
 561 029c 07       		.uleb128 0x7
 562 029d 723600   		.ascii	"r6\000"
 563 02a0 07       		.byte	0x7
 564 02a1 C3       		.byte	0xc3
 565 02a2 69020000 		.4byte	0x269
 566 02a6 02       		.byte	0x2
 567 02a7 23       		.byte	0x23
 568 02a8 08       		.uleb128 0x8
 569 02a9 07       		.uleb128 0x7
 570 02aa 723700   		.ascii	"r7\000"
ARM GAS  C:\Users\NICOMA~1\AppData\Local\Temp\ccceqdfi.s 			page 11


 571 02ad 07       		.byte	0x7
 572 02ae C4       		.byte	0xc4
 573 02af 69020000 		.4byte	0x269
 574 02b3 02       		.byte	0x2
 575 02b4 23       		.byte	0x23
 576 02b5 0C       		.uleb128 0xc
 577 02b6 07       		.uleb128 0x7
 578 02b7 723800   		.ascii	"r8\000"
 579 02ba 07       		.byte	0x7
 580 02bb C5       		.byte	0xc5
 581 02bc 69020000 		.4byte	0x269
 582 02c0 02       		.byte	0x2
 583 02c1 23       		.byte	0x23
 584 02c2 10       		.uleb128 0x10
 585 02c3 07       		.uleb128 0x7
 586 02c4 723900   		.ascii	"r9\000"
 587 02c7 07       		.byte	0x7
 588 02c8 C6       		.byte	0xc6
 589 02c9 69020000 		.4byte	0x269
 590 02cd 02       		.byte	0x2
 591 02ce 23       		.byte	0x23
 592 02cf 14       		.uleb128 0x14
 593 02d0 07       		.uleb128 0x7
 594 02d1 72313000 		.ascii	"r10\000"
 595 02d5 07       		.byte	0x7
 596 02d6 C7       		.byte	0xc7
 597 02d7 69020000 		.4byte	0x269
 598 02db 02       		.byte	0x2
 599 02dc 23       		.byte	0x23
 600 02dd 18       		.uleb128 0x18
 601 02de 07       		.uleb128 0x7
 602 02df 72313100 		.ascii	"r11\000"
 603 02e3 07       		.byte	0x7
 604 02e4 C8       		.byte	0xc8
 605 02e5 69020000 		.4byte	0x269
 606 02e9 02       		.byte	0x2
 607 02ea 23       		.byte	0x23
 608 02eb 1C       		.uleb128 0x1c
 609 02ec 07       		.uleb128 0x7
 610 02ed 6C7200   		.ascii	"lr\000"
 611 02f0 07       		.byte	0x7
 612 02f1 C9       		.byte	0xc9
 613 02f2 69020000 		.4byte	0x269
 614 02f6 02       		.byte	0x2
 615 02f7 23       		.byte	0x23
 616 02f8 20       		.uleb128 0x20
 617 02f9 00       		.byte	0
 618 02fa 05       		.uleb128 0x5
 619 02fb FC000000 		.4byte	.LASF44
 620 02ff 04       		.byte	0x4
 621 0300 07       		.byte	0x7
 622 0301 D1       		.byte	0xd1
 623 0302 15030000 		.4byte	0x315
 624 0306 07       		.uleb128 0x7
 625 0307 72313300 		.ascii	"r13\000"
 626 030b 07       		.byte	0x7
 627 030c D2       		.byte	0xd2
ARM GAS  C:\Users\NICOMA~1\AppData\Local\Temp\ccceqdfi.s 			page 12


 628 030d 15030000 		.4byte	0x315
 629 0311 02       		.byte	0x2
 630 0312 23       		.byte	0x23
 631 0313 00       		.uleb128 0
 632 0314 00       		.byte	0
 633 0315 09       		.uleb128 0x9
 634 0316 04       		.byte	0x4
 635 0317 76020000 		.4byte	0x276
 636 031b 0B       		.uleb128 0xb
 637 031c E4000000 		.4byte	0xe4
 638 0320 08       		.uleb128 0x8
 639 0321 1C       		.byte	0x1c
 640 0322 08       		.byte	0x8
 641 0323 5E       		.byte	0x5e
 642 0324 7D030000 		.4byte	0x37d
 643 0328 06       		.uleb128 0x6
 644 0329 31020000 		.4byte	.LASF45
 645 032d 08       		.byte	0x8
 646 032e 5F       		.byte	0x5f
 647 032f 3C020000 		.4byte	0x23c
 648 0333 02       		.byte	0x2
 649 0334 23       		.byte	0x23
 650 0335 00       		.uleb128 0
 651 0336 06       		.uleb128 0x6
 652 0337 DE010000 		.4byte	.LASF46
 653 033b 08       		.byte	0x8
 654 033c 60       		.byte	0x60
 655 033d C3000000 		.4byte	0xc3
 656 0341 02       		.byte	0x2
 657 0342 23       		.byte	0x23
 658 0343 08       		.uleb128 0x8
 659 0344 06       		.uleb128 0x6
 660 0345 54010000 		.4byte	.LASF47
 661 0349 08       		.byte	0x8
 662 034a 62       		.byte	0x62
 663 034b FA020000 		.4byte	0x2fa
 664 034f 02       		.byte	0x2
 665 0350 23       		.byte	0x23
 666 0351 0C       		.uleb128 0xc
 667 0352 06       		.uleb128 0x6
 668 0353 CC000000 		.4byte	.LASF48
 669 0357 08       		.byte	0x8
 670 0358 65       		.byte	0x65
 671 0359 36020000 		.4byte	0x236
 672 035d 02       		.byte	0x2
 673 035e 23       		.byte	0x23
 674 035f 10       		.uleb128 0x10
 675 0360 06       		.uleb128 0x6
 676 0361 7D010000 		.4byte	.LASF49
 677 0365 08       		.byte	0x8
 678 0366 66       		.byte	0x66
 679 0367 36020000 		.4byte	0x236
 680 036b 02       		.byte	0x2
 681 036c 23       		.byte	0x23
 682 036d 14       		.uleb128 0x14
 683 036e 06       		.uleb128 0x6
 684 036f 73010000 		.4byte	.LASF50
ARM GAS  C:\Users\NICOMA~1\AppData\Local\Temp\ccceqdfi.s 			page 13


 685 0373 08       		.byte	0x8
 686 0374 69       		.byte	0x69
 687 0375 36020000 		.4byte	0x236
 688 0379 02       		.byte	0x2
 689 037a 23       		.byte	0x23
 690 037b 18       		.uleb128 0x18
 691 037c 00       		.byte	0
 692 037d 04       		.uleb128 0x4
 693 037e A9020000 		.4byte	.LASF51
 694 0382 08       		.byte	0x8
 695 0383 6B       		.byte	0x6b
 696 0384 20030000 		.4byte	0x320
 697 0388 05       		.uleb128 0x5
 698 0389 3D010000 		.4byte	.LASF52
 699 038d 10       		.byte	0x10
 700 038e 09       		.byte	0x9
 701 038f 2C       		.byte	0x2c
 702 0390 BF030000 		.4byte	0x3bf
 703 0394 06       		.uleb128 0x6
 704 0395 5B000000 		.4byte	.LASF53
 705 0399 09       		.byte	0x9
 706 039a 2D       		.byte	0x2d
 707 039b 3C020000 		.4byte	0x23c
 708 039f 02       		.byte	0x2
 709 03a0 23       		.byte	0x23
 710 03a1 00       		.uleb128 0
 711 03a2 06       		.uleb128 0x6
 712 03a3 EB020000 		.4byte	.LASF54
 713 03a7 09       		.byte	0x9
 714 03a8 2F       		.byte	0x2f
 715 03a9 36020000 		.4byte	0x236
 716 03ad 02       		.byte	0x2
 717 03ae 23       		.byte	0x23
 718 03af 08       		.uleb128 0x8
 719 03b0 06       		.uleb128 0x6
 720 03b1 56020000 		.4byte	.LASF55
 721 03b5 09       		.byte	0x9
 722 03b6 31       		.byte	0x31
 723 03b7 BF030000 		.4byte	0x3bf
 724 03bb 02       		.byte	0x2
 725 03bc 23       		.byte	0x23
 726 03bd 0C       		.uleb128 0xc
 727 03be 00       		.byte	0
 728 03bf 09       		.uleb128 0x9
 729 03c0 04       		.byte	0x4
 730 03c1 88030000 		.4byte	0x388
 731 03c5 04       		.uleb128 0x4
 732 03c6 3D010000 		.4byte	.LASF52
 733 03ca 09       		.byte	0x9
 734 03cb 33       		.byte	0x33
 735 03cc 88030000 		.4byte	0x388
 736 03d0 0C       		.uleb128 0xc
 737 03d1 04       		.byte	0x4
 738 03d2 06       		.byte	0x6
 739 03d3 96       		.byte	0x96
 740 03d4 05040000 		.4byte	0x405
 741 03d8 0D       		.uleb128 0xd
ARM GAS  C:\Users\NICOMA~1\AppData\Local\Temp\ccceqdfi.s 			page 14


 742 03d9 13000000 		.4byte	.LASF56
 743 03dd 06       		.byte	0x6
 744 03de 9D       		.byte	0x9d
 745 03df CE000000 		.4byte	0xce
 746 03e3 0D       		.uleb128 0xd
 747 03e4 31000000 		.4byte	.LASF57
 748 03e8 06       		.byte	0x6
 749 03e9 A4       		.byte	0xa4
 750 03ea CE000000 		.4byte	0xce
 751 03ee 0D       		.uleb128 0xd
 752 03ef C1020000 		.4byte	.LASF58
 753 03f3 06       		.byte	0x6
 754 03f4 AB       		.byte	0xab
 755 03f5 74020000 		.4byte	0x274
 756 03f9 0D       		.uleb128 0xd
 757 03fa E5010000 		.4byte	.LASF59
 758 03fe 06       		.byte	0x6
 759 03ff B2       		.byte	0xb2
 760 0400 D9000000 		.4byte	0xd9
 761 0404 00       		.byte	0
 762 0405 09       		.uleb128 0x9
 763 0406 04       		.byte	0x4
 764 0407 0B040000 		.4byte	0x40b
 765 040b 0E       		.uleb128 0xe
 766 040c 10040000 		.4byte	0x410
 767 0410 03       		.uleb128 0x3
 768 0411 01       		.byte	0x1
 769 0412 08       		.byte	0x8
 770 0413 45020000 		.4byte	.LASF60
 771 0417 09       		.uleb128 0x9
 772 0418 04       		.byte	0x4
 773 0419 C5030000 		.4byte	0x3c5
 774 041d 03       		.uleb128 0x3
 775 041e 04       		.byte	0x4
 776 041f 07       		.byte	0x7
 777 0420 43010000 		.4byte	.LASF61
 778 0424 0F       		.uleb128 0xf
 779 0425 06000000 		.4byte	.LASF67
 780 0429 02       		.byte	0x2
 781 042a 34       		.byte	0x34
 782 042b 01       		.byte	0x1
 783 042c 03       		.byte	0x3
 784 042d 47040000 		.4byte	0x447
 785 0431 10       		.uleb128 0x10
 786 0432 747000   		.ascii	"tp\000"
 787 0435 02       		.byte	0x2
 788 0436 34       		.byte	0x34
 789 0437 36020000 		.4byte	0x236
 790 043b 10       		.uleb128 0x10
 791 043c 74717000 		.ascii	"tqp\000"
 792 0440 02       		.byte	0x2
 793 0441 34       		.byte	0x34
 794 0442 47040000 		.4byte	0x447
 795 0446 00       		.byte	0
 796 0447 09       		.uleb128 0x9
 797 0448 04       		.byte	0x4
 798 0449 3C020000 		.4byte	0x23c
ARM GAS  C:\Users\NICOMA~1\AppData\Local\Temp\ccceqdfi.s 			page 15


 799 044d 11       		.uleb128 0x11
 800 044e 4A020000 		.4byte	.LASF68
 801 0452 02       		.byte	0x2
 802 0453 3B       		.byte	0x3b
 803 0454 01       		.byte	0x1
 804 0455 36020000 		.4byte	0x236
 805 0459 03       		.byte	0x3
 806 045a 74040000 		.4byte	0x474
 807 045e 10       		.uleb128 0x10
 808 045f 74717000 		.ascii	"tqp\000"
 809 0463 02       		.byte	0x2
 810 0464 3B       		.byte	0x3b
 811 0465 47040000 		.4byte	0x447
 812 0469 12       		.uleb128 0x12
 813 046a 747000   		.ascii	"tp\000"
 814 046d 02       		.byte	0x2
 815 046e 3C       		.byte	0x3c
 816 046f 36020000 		.4byte	0x236
 817 0473 00       		.byte	0
 818 0474 13       		.uleb128 0x13
 819 0475 01       		.byte	0x1
 820 0476 76000000 		.4byte	.LASF62
 821 047a 01       		.byte	0x1
 822 047b 4B       		.byte	0x4b
 823 047c 01       		.byte	0x1
 824 047d CE000000 		.4byte	0xce
 825 0481 00000000 		.4byte	.LFB7
 826 0485 5C000000 		.4byte	.LFE7
 827 0489 00000000 		.4byte	.LLST0
 828 048d 01       		.byte	0x1
 829 048e FD040000 		.4byte	0x4fd
 830 0492 14       		.uleb128 0x14
 831 0493 747000   		.ascii	"tp\000"
 832 0496 01       		.byte	0x1
 833 0497 4B       		.byte	0x4b
 834 0498 36020000 		.4byte	0x236
 835 049c 20000000 		.4byte	.LLST1
 836 04a0 14       		.uleb128 0x14
 837 04a1 6D736700 		.ascii	"msg\000"
 838 04a5 01       		.byte	0x1
 839 04a6 4B       		.byte	0x4b
 840 04a7 CE000000 		.4byte	0xce
 841 04ab 5A000000 		.4byte	.LLST2
 842 04af 15       		.uleb128 0x15
 843 04b0 63747000 		.ascii	"ctp\000"
 844 04b4 01       		.byte	0x1
 845 04b5 4C       		.byte	0x4c
 846 04b6 36020000 		.4byte	0x236
 847 04ba 01       		.byte	0x1
 848 04bb 54       		.byte	0x54
 849 04bc 16       		.uleb128 0x16
 850 04bd 24040000 		.4byte	0x424
 851 04c1 1C000000 		.4byte	.LBB6
 852 04c5 00000000 		.4byte	.Ldebug_ranges0+0
 853 04c9 01       		.byte	0x1
 854 04ca 53       		.byte	0x53
 855 04cb E0040000 		.4byte	0x4e0
ARM GAS  C:\Users\NICOMA~1\AppData\Local\Temp\ccceqdfi.s 			page 16


 856 04cf 17       		.uleb128 0x17
 857 04d0 3B040000 		.4byte	0x43b
 858 04d4 9F000000 		.4byte	.LLST3
 859 04d8 18       		.uleb128 0x18
 860 04d9 31040000 		.4byte	0x431
 861 04dd 01       		.byte	0x1
 862 04de 54       		.byte	0x54
 863 04df 00       		.byte	0
 864 04e0 19       		.uleb128 0x19
 865 04e1 44000000 		.4byte	.LVL4
 866 04e5 C2050000 		.4byte	0x5c2
 867 04e9 F3040000 		.4byte	0x4f3
 868 04ed 1A       		.uleb128 0x1a
 869 04ee 01       		.byte	0x1
 870 04ef 50       		.byte	0x50
 871 04f0 01       		.byte	0x1
 872 04f1 3A       		.byte	0x3a
 873 04f2 00       		.byte	0
 874 04f3 1B       		.uleb128 0x1b
 875 04f4 54000000 		.4byte	.LVL7
 876 04f8 D6050000 		.4byte	0x5d6
 877 04fc 00       		.byte	0
 878 04fd 13       		.uleb128 0x13
 879 04fe 01       		.byte	0x1
 880 04ff 98020000 		.4byte	.LASF63
 881 0503 01       		.byte	0x1
 882 0504 6A       		.byte	0x6a
 883 0505 01       		.byte	0x1
 884 0506 36020000 		.4byte	0x236
 885 050a 00000000 		.4byte	.LFB8
 886 050e 58000000 		.4byte	.LFE8
 887 0512 DD000000 		.4byte	.LLST4
 888 0516 01       		.byte	0x1
 889 0517 65050000 		.4byte	0x565
 890 051b 12       		.uleb128 0x12
 891 051c 747000   		.ascii	"tp\000"
 892 051f 01       		.byte	0x1
 893 0520 6B       		.byte	0x6b
 894 0521 36020000 		.4byte	0x236
 895 0525 1C       		.uleb128 0x1c
 896 0526 4D040000 		.4byte	0x44d
 897 052a 20000000 		.4byte	.LBB12
 898 052e 2C000000 		.4byte	.LBE12
 899 0532 01       		.byte	0x1
 900 0533 70       		.byte	0x70
 901 0534 55050000 		.4byte	0x555
 902 0538 17       		.uleb128 0x17
 903 0539 5E040000 		.4byte	0x45e
 904 053d FD000000 		.4byte	.LLST5
 905 0541 1D       		.uleb128 0x1d
 906 0542 20000000 		.4byte	.LBB13
 907 0546 2C000000 		.4byte	.LBE13
 908 054a 1E       		.uleb128 0x1e
 909 054b 69040000 		.4byte	0x469
 910 054f 12010000 		.4byte	.LLST6
 911 0553 00       		.byte	0
 912 0554 00       		.byte	0
ARM GAS  C:\Users\NICOMA~1\AppData\Local\Temp\ccceqdfi.s 			page 17


 913 0555 1F       		.uleb128 0x1f
 914 0556 44000000 		.4byte	.LVL10
 915 055a C2050000 		.4byte	0x5c2
 916 055e 1A       		.uleb128 0x1a
 917 055f 01       		.byte	0x1
 918 0560 50       		.byte	0x50
 919 0561 01       		.byte	0x1
 920 0562 3C       		.byte	0x3c
 921 0563 00       		.byte	0
 922 0564 00       		.byte	0
 923 0565 20       		.uleb128 0x20
 924 0566 01       		.byte	0x1
 925 0567 02020000 		.4byte	.LASF69
 926 056b 01       		.byte	0x1
 927 056c 80       		.byte	0x80
 928 056d 01       		.byte	0x1
 929 056e 00000000 		.4byte	.LFB9
 930 0572 14000000 		.4byte	.LFE9
 931 0576 25010000 		.4byte	.LLST7
 932 057a 01       		.byte	0x1
 933 057b B5050000 		.4byte	0x5b5
 934 057f 14       		.uleb128 0x14
 935 0580 747000   		.ascii	"tp\000"
 936 0583 01       		.byte	0x1
 937 0584 80       		.byte	0x80
 938 0585 36020000 		.4byte	0x236
 939 0589 45010000 		.4byte	.LLST8
 940 058d 14       		.uleb128 0x14
 941 058e 6D736700 		.ascii	"msg\000"
 942 0592 01       		.byte	0x1
 943 0593 80       		.byte	0x80
 944 0594 CE000000 		.4byte	0xce
 945 0598 66010000 		.4byte	.LLST9
 946 059c 1F       		.uleb128 0x1f
 947 059d 0C000000 		.4byte	.LVL12
 948 05a1 EE050000 		.4byte	0x5ee
 949 05a5 1A       		.uleb128 0x1a
 950 05a6 01       		.byte	0x1
 951 05a7 51       		.byte	0x51
 952 05a8 03       		.byte	0x3
 953 05a9 F3       		.byte	0xf3
 954 05aa 01       		.uleb128 0x1
 955 05ab 51       		.byte	0x51
 956 05ac 1A       		.uleb128 0x1a
 957 05ad 01       		.byte	0x1
 958 05ae 50       		.byte	0x50
 959 05af 03       		.byte	0x3
 960 05b0 F3       		.byte	0xf3
 961 05b1 01       		.uleb128 0x1
 962 05b2 50       		.byte	0x50
 963 05b3 00       		.byte	0
 964 05b4 00       		.byte	0
 965 05b5 21       		.uleb128 0x21
 966 05b6 B3020000 		.4byte	.LASF70
 967 05ba 08       		.byte	0x8
 968 05bb 6F       		.byte	0x6f
 969 05bc 7D030000 		.4byte	0x37d
ARM GAS  C:\Users\NICOMA~1\AppData\Local\Temp\ccceqdfi.s 			page 18


 970 05c0 01       		.byte	0x1
 971 05c1 01       		.byte	0x1
 972 05c2 22       		.uleb128 0x22
 973 05c3 01       		.byte	0x1
 974 05c4 0F020000 		.4byte	.LASF71
 975 05c8 08       		.byte	0x8
 976 05c9 93       		.byte	0x93
 977 05ca 01       		.byte	0x1
 978 05cb 01       		.byte	0x1
 979 05cc D6050000 		.4byte	0x5d6
 980 05d0 23       		.uleb128 0x23
 981 05d1 A2000000 		.4byte	0xa2
 982 05d5 00       		.byte	0
 983 05d6 24       		.uleb128 0x24
 984 05d7 01       		.byte	0x1
 985 05d8 39020000 		.4byte	.LASF72
 986 05dc 08       		.byte	0x8
 987 05dd 90       		.byte	0x90
 988 05de 01       		.byte	0x1
 989 05df 36020000 		.4byte	0x236
 990 05e3 01       		.byte	0x1
 991 05e4 EE050000 		.4byte	0x5ee
 992 05e8 23       		.uleb128 0x23
 993 05e9 36020000 		.4byte	0x236
 994 05ed 00       		.byte	0
 995 05ee 25       		.uleb128 0x25
 996 05ef 01       		.byte	0x1
 997 05f0 8B020000 		.4byte	.LASF73
 998 05f4 08       		.byte	0x8
 999 05f5 99       		.byte	0x99
 1000 05f6 01       		.byte	0x1
 1001 05f7 01       		.byte	0x1
 1002 05f8 23       		.uleb128 0x23
 1003 05f9 36020000 		.4byte	0x236
 1004 05fd 23       		.uleb128 0x23
 1005 05fe CE000000 		.4byte	0xce
 1006 0602 00       		.byte	0
 1007 0603 00       		.byte	0
 1008              		.section	.debug_abbrev,"",%progbits
 1009              	.Ldebug_abbrev0:
 1010 0000 01       		.uleb128 0x1
 1011 0001 11       		.uleb128 0x11
 1012 0002 01       		.byte	0x1
 1013 0003 25       		.uleb128 0x25
 1014 0004 0E       		.uleb128 0xe
 1015 0005 13       		.uleb128 0x13
 1016 0006 0B       		.uleb128 0xb
 1017 0007 03       		.uleb128 0x3
 1018 0008 0E       		.uleb128 0xe
 1019 0009 1B       		.uleb128 0x1b
 1020 000a 0E       		.uleb128 0xe
 1021 000b 55       		.uleb128 0x55
 1022 000c 06       		.uleb128 0x6
 1023 000d 11       		.uleb128 0x11
 1024 000e 01       		.uleb128 0x1
 1025 000f 52       		.uleb128 0x52
 1026 0010 01       		.uleb128 0x1
ARM GAS  C:\Users\NICOMA~1\AppData\Local\Temp\ccceqdfi.s 			page 19


 1027 0011 10       		.uleb128 0x10
 1028 0012 06       		.uleb128 0x6
 1029 0013 00       		.byte	0
 1030 0014 00       		.byte	0
 1031 0015 02       		.uleb128 0x2
 1032 0016 24       		.uleb128 0x24
 1033 0017 00       		.byte	0
 1034 0018 0B       		.uleb128 0xb
 1035 0019 0B       		.uleb128 0xb
 1036 001a 3E       		.uleb128 0x3e
 1037 001b 0B       		.uleb128 0xb
 1038 001c 03       		.uleb128 0x3
 1039 001d 08       		.uleb128 0x8
 1040 001e 00       		.byte	0
 1041 001f 00       		.byte	0
 1042 0020 03       		.uleb128 0x3
 1043 0021 24       		.uleb128 0x24
 1044 0022 00       		.byte	0
 1045 0023 0B       		.uleb128 0xb
 1046 0024 0B       		.uleb128 0xb
 1047 0025 3E       		.uleb128 0x3e
 1048 0026 0B       		.uleb128 0xb
 1049 0027 03       		.uleb128 0x3
 1050 0028 0E       		.uleb128 0xe
 1051 0029 00       		.byte	0
 1052 002a 00       		.byte	0
 1053 002b 04       		.uleb128 0x4
 1054 002c 16       		.uleb128 0x16
 1055 002d 00       		.byte	0
 1056 002e 03       		.uleb128 0x3
 1057 002f 0E       		.uleb128 0xe
 1058 0030 3A       		.uleb128 0x3a
 1059 0031 0B       		.uleb128 0xb
 1060 0032 3B       		.uleb128 0x3b
 1061 0033 0B       		.uleb128 0xb
 1062 0034 49       		.uleb128 0x49
 1063 0035 13       		.uleb128 0x13
 1064 0036 00       		.byte	0
 1065 0037 00       		.byte	0
 1066 0038 05       		.uleb128 0x5
 1067 0039 13       		.uleb128 0x13
 1068 003a 01       		.byte	0x1
 1069 003b 03       		.uleb128 0x3
 1070 003c 0E       		.uleb128 0xe
 1071 003d 0B       		.uleb128 0xb
 1072 003e 0B       		.uleb128 0xb
 1073 003f 3A       		.uleb128 0x3a
 1074 0040 0B       		.uleb128 0xb
 1075 0041 3B       		.uleb128 0x3b
 1076 0042 0B       		.uleb128 0xb
 1077 0043 01       		.uleb128 0x1
 1078 0044 13       		.uleb128 0x13
 1079 0045 00       		.byte	0
 1080 0046 00       		.byte	0
 1081 0047 06       		.uleb128 0x6
 1082 0048 0D       		.uleb128 0xd
 1083 0049 00       		.byte	0
ARM GAS  C:\Users\NICOMA~1\AppData\Local\Temp\ccceqdfi.s 			page 20


 1084 004a 03       		.uleb128 0x3
 1085 004b 0E       		.uleb128 0xe
 1086 004c 3A       		.uleb128 0x3a
 1087 004d 0B       		.uleb128 0xb
 1088 004e 3B       		.uleb128 0x3b
 1089 004f 0B       		.uleb128 0xb
 1090 0050 49       		.uleb128 0x49
 1091 0051 13       		.uleb128 0x13
 1092 0052 38       		.uleb128 0x38
 1093 0053 0A       		.uleb128 0xa
 1094 0054 00       		.byte	0
 1095 0055 00       		.byte	0
 1096 0056 07       		.uleb128 0x7
 1097 0057 0D       		.uleb128 0xd
 1098 0058 00       		.byte	0
 1099 0059 03       		.uleb128 0x3
 1100 005a 08       		.uleb128 0x8
 1101 005b 3A       		.uleb128 0x3a
 1102 005c 0B       		.uleb128 0xb
 1103 005d 3B       		.uleb128 0x3b
 1104 005e 0B       		.uleb128 0xb
 1105 005f 49       		.uleb128 0x49
 1106 0060 13       		.uleb128 0x13
 1107 0061 38       		.uleb128 0x38
 1108 0062 0A       		.uleb128 0xa
 1109 0063 00       		.byte	0
 1110 0064 00       		.byte	0
 1111 0065 08       		.uleb128 0x8
 1112 0066 13       		.uleb128 0x13
 1113 0067 01       		.byte	0x1
 1114 0068 0B       		.uleb128 0xb
 1115 0069 0B       		.uleb128 0xb
 1116 006a 3A       		.uleb128 0x3a
 1117 006b 0B       		.uleb128 0xb
 1118 006c 3B       		.uleb128 0x3b
 1119 006d 0B       		.uleb128 0xb
 1120 006e 01       		.uleb128 0x1
 1121 006f 13       		.uleb128 0x13
 1122 0070 00       		.byte	0
 1123 0071 00       		.byte	0
 1124 0072 09       		.uleb128 0x9
 1125 0073 0F       		.uleb128 0xf
 1126 0074 00       		.byte	0
 1127 0075 0B       		.uleb128 0xb
 1128 0076 0B       		.uleb128 0xb
 1129 0077 49       		.uleb128 0x49
 1130 0078 13       		.uleb128 0x13
 1131 0079 00       		.byte	0
 1132 007a 00       		.byte	0
 1133 007b 0A       		.uleb128 0xa
 1134 007c 0F       		.uleb128 0xf
 1135 007d 00       		.byte	0
 1136 007e 0B       		.uleb128 0xb
 1137 007f 0B       		.uleb128 0xb
 1138 0080 00       		.byte	0
 1139 0081 00       		.byte	0
 1140 0082 0B       		.uleb128 0xb
ARM GAS  C:\Users\NICOMA~1\AppData\Local\Temp\ccceqdfi.s 			page 21


 1141 0083 35       		.uleb128 0x35
 1142 0084 00       		.byte	0
 1143 0085 49       		.uleb128 0x49
 1144 0086 13       		.uleb128 0x13
 1145 0087 00       		.byte	0
 1146 0088 00       		.byte	0
 1147 0089 0C       		.uleb128 0xc
 1148 008a 17       		.uleb128 0x17
 1149 008b 01       		.byte	0x1
 1150 008c 0B       		.uleb128 0xb
 1151 008d 0B       		.uleb128 0xb
 1152 008e 3A       		.uleb128 0x3a
 1153 008f 0B       		.uleb128 0xb
 1154 0090 3B       		.uleb128 0x3b
 1155 0091 0B       		.uleb128 0xb
 1156 0092 01       		.uleb128 0x1
 1157 0093 13       		.uleb128 0x13
 1158 0094 00       		.byte	0
 1159 0095 00       		.byte	0
 1160 0096 0D       		.uleb128 0xd
 1161 0097 0D       		.uleb128 0xd
 1162 0098 00       		.byte	0
 1163 0099 03       		.uleb128 0x3
 1164 009a 0E       		.uleb128 0xe
 1165 009b 3A       		.uleb128 0x3a
 1166 009c 0B       		.uleb128 0xb
 1167 009d 3B       		.uleb128 0x3b
 1168 009e 0B       		.uleb128 0xb
 1169 009f 49       		.uleb128 0x49
 1170 00a0 13       		.uleb128 0x13
 1171 00a1 00       		.byte	0
 1172 00a2 00       		.byte	0
 1173 00a3 0E       		.uleb128 0xe
 1174 00a4 26       		.uleb128 0x26
 1175 00a5 00       		.byte	0
 1176 00a6 49       		.uleb128 0x49
 1177 00a7 13       		.uleb128 0x13
 1178 00a8 00       		.byte	0
 1179 00a9 00       		.byte	0
 1180 00aa 0F       		.uleb128 0xf
 1181 00ab 2E       		.uleb128 0x2e
 1182 00ac 01       		.byte	0x1
 1183 00ad 03       		.uleb128 0x3
 1184 00ae 0E       		.uleb128 0xe
 1185 00af 3A       		.uleb128 0x3a
 1186 00b0 0B       		.uleb128 0xb
 1187 00b1 3B       		.uleb128 0x3b
 1188 00b2 0B       		.uleb128 0xb
 1189 00b3 27       		.uleb128 0x27
 1190 00b4 0C       		.uleb128 0xc
 1191 00b5 20       		.uleb128 0x20
 1192 00b6 0B       		.uleb128 0xb
 1193 00b7 01       		.uleb128 0x1
 1194 00b8 13       		.uleb128 0x13
 1195 00b9 00       		.byte	0
 1196 00ba 00       		.byte	0
 1197 00bb 10       		.uleb128 0x10
ARM GAS  C:\Users\NICOMA~1\AppData\Local\Temp\ccceqdfi.s 			page 22


 1198 00bc 05       		.uleb128 0x5
 1199 00bd 00       		.byte	0
 1200 00be 03       		.uleb128 0x3
 1201 00bf 08       		.uleb128 0x8
 1202 00c0 3A       		.uleb128 0x3a
 1203 00c1 0B       		.uleb128 0xb
 1204 00c2 3B       		.uleb128 0x3b
 1205 00c3 0B       		.uleb128 0xb
 1206 00c4 49       		.uleb128 0x49
 1207 00c5 13       		.uleb128 0x13
 1208 00c6 00       		.byte	0
 1209 00c7 00       		.byte	0
 1210 00c8 11       		.uleb128 0x11
 1211 00c9 2E       		.uleb128 0x2e
 1212 00ca 01       		.byte	0x1
 1213 00cb 03       		.uleb128 0x3
 1214 00cc 0E       		.uleb128 0xe
 1215 00cd 3A       		.uleb128 0x3a
 1216 00ce 0B       		.uleb128 0xb
 1217 00cf 3B       		.uleb128 0x3b
 1218 00d0 0B       		.uleb128 0xb
 1219 00d1 27       		.uleb128 0x27
 1220 00d2 0C       		.uleb128 0xc
 1221 00d3 49       		.uleb128 0x49
 1222 00d4 13       		.uleb128 0x13
 1223 00d5 20       		.uleb128 0x20
 1224 00d6 0B       		.uleb128 0xb
 1225 00d7 01       		.uleb128 0x1
 1226 00d8 13       		.uleb128 0x13
 1227 00d9 00       		.byte	0
 1228 00da 00       		.byte	0
 1229 00db 12       		.uleb128 0x12
 1230 00dc 34       		.uleb128 0x34
 1231 00dd 00       		.byte	0
 1232 00de 03       		.uleb128 0x3
 1233 00df 08       		.uleb128 0x8
 1234 00e0 3A       		.uleb128 0x3a
 1235 00e1 0B       		.uleb128 0xb
 1236 00e2 3B       		.uleb128 0x3b
 1237 00e3 0B       		.uleb128 0xb
 1238 00e4 49       		.uleb128 0x49
 1239 00e5 13       		.uleb128 0x13
 1240 00e6 00       		.byte	0
 1241 00e7 00       		.byte	0
 1242 00e8 13       		.uleb128 0x13
 1243 00e9 2E       		.uleb128 0x2e
 1244 00ea 01       		.byte	0x1
 1245 00eb 3F       		.uleb128 0x3f
 1246 00ec 0C       		.uleb128 0xc
 1247 00ed 03       		.uleb128 0x3
 1248 00ee 0E       		.uleb128 0xe
 1249 00ef 3A       		.uleb128 0x3a
 1250 00f0 0B       		.uleb128 0xb
 1251 00f1 3B       		.uleb128 0x3b
 1252 00f2 0B       		.uleb128 0xb
 1253 00f3 27       		.uleb128 0x27
 1254 00f4 0C       		.uleb128 0xc
ARM GAS  C:\Users\NICOMA~1\AppData\Local\Temp\ccceqdfi.s 			page 23


 1255 00f5 49       		.uleb128 0x49
 1256 00f6 13       		.uleb128 0x13
 1257 00f7 11       		.uleb128 0x11
 1258 00f8 01       		.uleb128 0x1
 1259 00f9 12       		.uleb128 0x12
 1260 00fa 01       		.uleb128 0x1
 1261 00fb 40       		.uleb128 0x40
 1262 00fc 06       		.uleb128 0x6
 1263 00fd 9742     		.uleb128 0x2117
 1264 00ff 0C       		.uleb128 0xc
 1265 0100 01       		.uleb128 0x1
 1266 0101 13       		.uleb128 0x13
 1267 0102 00       		.byte	0
 1268 0103 00       		.byte	0
 1269 0104 14       		.uleb128 0x14
 1270 0105 05       		.uleb128 0x5
 1271 0106 00       		.byte	0
 1272 0107 03       		.uleb128 0x3
 1273 0108 08       		.uleb128 0x8
 1274 0109 3A       		.uleb128 0x3a
 1275 010a 0B       		.uleb128 0xb
 1276 010b 3B       		.uleb128 0x3b
 1277 010c 0B       		.uleb128 0xb
 1278 010d 49       		.uleb128 0x49
 1279 010e 13       		.uleb128 0x13
 1280 010f 02       		.uleb128 0x2
 1281 0110 06       		.uleb128 0x6
 1282 0111 00       		.byte	0
 1283 0112 00       		.byte	0
 1284 0113 15       		.uleb128 0x15
 1285 0114 34       		.uleb128 0x34
 1286 0115 00       		.byte	0
 1287 0116 03       		.uleb128 0x3
 1288 0117 08       		.uleb128 0x8
 1289 0118 3A       		.uleb128 0x3a
 1290 0119 0B       		.uleb128 0xb
 1291 011a 3B       		.uleb128 0x3b
 1292 011b 0B       		.uleb128 0xb
 1293 011c 49       		.uleb128 0x49
 1294 011d 13       		.uleb128 0x13
 1295 011e 02       		.uleb128 0x2
 1296 011f 0A       		.uleb128 0xa
 1297 0120 00       		.byte	0
 1298 0121 00       		.byte	0
 1299 0122 16       		.uleb128 0x16
 1300 0123 1D       		.uleb128 0x1d
 1301 0124 01       		.byte	0x1
 1302 0125 31       		.uleb128 0x31
 1303 0126 13       		.uleb128 0x13
 1304 0127 52       		.uleb128 0x52
 1305 0128 01       		.uleb128 0x1
 1306 0129 55       		.uleb128 0x55
 1307 012a 06       		.uleb128 0x6
 1308 012b 58       		.uleb128 0x58
 1309 012c 0B       		.uleb128 0xb
 1310 012d 59       		.uleb128 0x59
 1311 012e 0B       		.uleb128 0xb
ARM GAS  C:\Users\NICOMA~1\AppData\Local\Temp\ccceqdfi.s 			page 24


 1312 012f 01       		.uleb128 0x1
 1313 0130 13       		.uleb128 0x13
 1314 0131 00       		.byte	0
 1315 0132 00       		.byte	0
 1316 0133 17       		.uleb128 0x17
 1317 0134 05       		.uleb128 0x5
 1318 0135 00       		.byte	0
 1319 0136 31       		.uleb128 0x31
 1320 0137 13       		.uleb128 0x13
 1321 0138 02       		.uleb128 0x2
 1322 0139 06       		.uleb128 0x6
 1323 013a 00       		.byte	0
 1324 013b 00       		.byte	0
 1325 013c 18       		.uleb128 0x18
 1326 013d 05       		.uleb128 0x5
 1327 013e 00       		.byte	0
 1328 013f 31       		.uleb128 0x31
 1329 0140 13       		.uleb128 0x13
 1330 0141 02       		.uleb128 0x2
 1331 0142 0A       		.uleb128 0xa
 1332 0143 00       		.byte	0
 1333 0144 00       		.byte	0
 1334 0145 19       		.uleb128 0x19
 1335 0146 898201   		.uleb128 0x4109
 1336 0149 01       		.byte	0x1
 1337 014a 11       		.uleb128 0x11
 1338 014b 01       		.uleb128 0x1
 1339 014c 31       		.uleb128 0x31
 1340 014d 13       		.uleb128 0x13
 1341 014e 01       		.uleb128 0x1
 1342 014f 13       		.uleb128 0x13
 1343 0150 00       		.byte	0
 1344 0151 00       		.byte	0
 1345 0152 1A       		.uleb128 0x1a
 1346 0153 8A8201   		.uleb128 0x410a
 1347 0156 00       		.byte	0
 1348 0157 02       		.uleb128 0x2
 1349 0158 0A       		.uleb128 0xa
 1350 0159 9142     		.uleb128 0x2111
 1351 015b 0A       		.uleb128 0xa
 1352 015c 00       		.byte	0
 1353 015d 00       		.byte	0
 1354 015e 1B       		.uleb128 0x1b
 1355 015f 898201   		.uleb128 0x4109
 1356 0162 00       		.byte	0
 1357 0163 11       		.uleb128 0x11
 1358 0164 01       		.uleb128 0x1
 1359 0165 31       		.uleb128 0x31
 1360 0166 13       		.uleb128 0x13
 1361 0167 00       		.byte	0
 1362 0168 00       		.byte	0
 1363 0169 1C       		.uleb128 0x1c
 1364 016a 1D       		.uleb128 0x1d
 1365 016b 01       		.byte	0x1
 1366 016c 31       		.uleb128 0x31
 1367 016d 13       		.uleb128 0x13
 1368 016e 11       		.uleb128 0x11
ARM GAS  C:\Users\NICOMA~1\AppData\Local\Temp\ccceqdfi.s 			page 25


 1369 016f 01       		.uleb128 0x1
 1370 0170 12       		.uleb128 0x12
 1371 0171 01       		.uleb128 0x1
 1372 0172 58       		.uleb128 0x58
 1373 0173 0B       		.uleb128 0xb
 1374 0174 59       		.uleb128 0x59
 1375 0175 0B       		.uleb128 0xb
 1376 0176 01       		.uleb128 0x1
 1377 0177 13       		.uleb128 0x13
 1378 0178 00       		.byte	0
 1379 0179 00       		.byte	0
 1380 017a 1D       		.uleb128 0x1d
 1381 017b 0B       		.uleb128 0xb
 1382 017c 01       		.byte	0x1
 1383 017d 11       		.uleb128 0x11
 1384 017e 01       		.uleb128 0x1
 1385 017f 12       		.uleb128 0x12
 1386 0180 01       		.uleb128 0x1
 1387 0181 00       		.byte	0
 1388 0182 00       		.byte	0
 1389 0183 1E       		.uleb128 0x1e
 1390 0184 34       		.uleb128 0x34
 1391 0185 00       		.byte	0
 1392 0186 31       		.uleb128 0x31
 1393 0187 13       		.uleb128 0x13
 1394 0188 02       		.uleb128 0x2
 1395 0189 06       		.uleb128 0x6
 1396 018a 00       		.byte	0
 1397 018b 00       		.byte	0
 1398 018c 1F       		.uleb128 0x1f
 1399 018d 898201   		.uleb128 0x4109
 1400 0190 01       		.byte	0x1
 1401 0191 11       		.uleb128 0x11
 1402 0192 01       		.uleb128 0x1
 1403 0193 31       		.uleb128 0x31
 1404 0194 13       		.uleb128 0x13
 1405 0195 00       		.byte	0
 1406 0196 00       		.byte	0
 1407 0197 20       		.uleb128 0x20
 1408 0198 2E       		.uleb128 0x2e
 1409 0199 01       		.byte	0x1
 1410 019a 3F       		.uleb128 0x3f
 1411 019b 0C       		.uleb128 0xc
 1412 019c 03       		.uleb128 0x3
 1413 019d 0E       		.uleb128 0xe
 1414 019e 3A       		.uleb128 0x3a
 1415 019f 0B       		.uleb128 0xb
 1416 01a0 3B       		.uleb128 0x3b
 1417 01a1 0B       		.uleb128 0xb
 1418 01a2 27       		.uleb128 0x27
 1419 01a3 0C       		.uleb128 0xc
 1420 01a4 11       		.uleb128 0x11
 1421 01a5 01       		.uleb128 0x1
 1422 01a6 12       		.uleb128 0x12
 1423 01a7 01       		.uleb128 0x1
 1424 01a8 40       		.uleb128 0x40
 1425 01a9 06       		.uleb128 0x6
ARM GAS  C:\Users\NICOMA~1\AppData\Local\Temp\ccceqdfi.s 			page 26


 1426 01aa 9742     		.uleb128 0x2117
 1427 01ac 0C       		.uleb128 0xc
 1428 01ad 01       		.uleb128 0x1
 1429 01ae 13       		.uleb128 0x13
 1430 01af 00       		.byte	0
 1431 01b0 00       		.byte	0
 1432 01b1 21       		.uleb128 0x21
 1433 01b2 34       		.uleb128 0x34
 1434 01b3 00       		.byte	0
 1435 01b4 03       		.uleb128 0x3
 1436 01b5 0E       		.uleb128 0xe
 1437 01b6 3A       		.uleb128 0x3a
 1438 01b7 0B       		.uleb128 0xb
 1439 01b8 3B       		.uleb128 0x3b
 1440 01b9 0B       		.uleb128 0xb
 1441 01ba 49       		.uleb128 0x49
 1442 01bb 13       		.uleb128 0x13
 1443 01bc 3F       		.uleb128 0x3f
 1444 01bd 0C       		.uleb128 0xc
 1445 01be 3C       		.uleb128 0x3c
 1446 01bf 0C       		.uleb128 0xc
 1447 01c0 00       		.byte	0
 1448 01c1 00       		.byte	0
 1449 01c2 22       		.uleb128 0x22
 1450 01c3 2E       		.uleb128 0x2e
 1451 01c4 01       		.byte	0x1
 1452 01c5 3F       		.uleb128 0x3f
 1453 01c6 0C       		.uleb128 0xc
 1454 01c7 03       		.uleb128 0x3
 1455 01c8 0E       		.uleb128 0xe
 1456 01c9 3A       		.uleb128 0x3a
 1457 01ca 0B       		.uleb128 0xb
 1458 01cb 3B       		.uleb128 0x3b
 1459 01cc 0B       		.uleb128 0xb
 1460 01cd 27       		.uleb128 0x27
 1461 01ce 0C       		.uleb128 0xc
 1462 01cf 3C       		.uleb128 0x3c
 1463 01d0 0C       		.uleb128 0xc
 1464 01d1 01       		.uleb128 0x1
 1465 01d2 13       		.uleb128 0x13
 1466 01d3 00       		.byte	0
 1467 01d4 00       		.byte	0
 1468 01d5 23       		.uleb128 0x23
 1469 01d6 05       		.uleb128 0x5
 1470 01d7 00       		.byte	0
 1471 01d8 49       		.uleb128 0x49
 1472 01d9 13       		.uleb128 0x13
 1473 01da 00       		.byte	0
 1474 01db 00       		.byte	0
 1475 01dc 24       		.uleb128 0x24
 1476 01dd 2E       		.uleb128 0x2e
 1477 01de 01       		.byte	0x1
 1478 01df 3F       		.uleb128 0x3f
 1479 01e0 0C       		.uleb128 0xc
 1480 01e1 03       		.uleb128 0x3
 1481 01e2 0E       		.uleb128 0xe
 1482 01e3 3A       		.uleb128 0x3a
ARM GAS  C:\Users\NICOMA~1\AppData\Local\Temp\ccceqdfi.s 			page 27


 1483 01e4 0B       		.uleb128 0xb
 1484 01e5 3B       		.uleb128 0x3b
 1485 01e6 0B       		.uleb128 0xb
 1486 01e7 27       		.uleb128 0x27
 1487 01e8 0C       		.uleb128 0xc
 1488 01e9 49       		.uleb128 0x49
 1489 01ea 13       		.uleb128 0x13
 1490 01eb 3C       		.uleb128 0x3c
 1491 01ec 0C       		.uleb128 0xc
 1492 01ed 01       		.uleb128 0x1
 1493 01ee 13       		.uleb128 0x13
 1494 01ef 00       		.byte	0
 1495 01f0 00       		.byte	0
 1496 01f1 25       		.uleb128 0x25
 1497 01f2 2E       		.uleb128 0x2e
 1498 01f3 01       		.byte	0x1
 1499 01f4 3F       		.uleb128 0x3f
 1500 01f5 0C       		.uleb128 0xc
 1501 01f6 03       		.uleb128 0x3
 1502 01f7 0E       		.uleb128 0xe
 1503 01f8 3A       		.uleb128 0x3a
 1504 01f9 0B       		.uleb128 0xb
 1505 01fa 3B       		.uleb128 0x3b
 1506 01fb 0B       		.uleb128 0xb
 1507 01fc 27       		.uleb128 0x27
 1508 01fd 0C       		.uleb128 0xc
 1509 01fe 3C       		.uleb128 0x3c
 1510 01ff 0C       		.uleb128 0xc
 1511 0200 00       		.byte	0
 1512 0201 00       		.byte	0
 1513 0202 00       		.byte	0
 1514              		.section	.debug_loc,"",%progbits
 1515              	.Ldebug_loc0:
 1516              	.LLST0:
 1517 0000 00000000 		.4byte	.LFB7
 1518 0004 04000000 		.4byte	.LCFI0
 1519 0008 0200     		.2byte	0x2
 1520 000a 7D       		.byte	0x7d
 1521 000b 00       		.sleb128 0
 1522 000c 04000000 		.4byte	.LCFI0
 1523 0010 5C000000 		.4byte	.LFE7
 1524 0014 0200     		.2byte	0x2
 1525 0016 7D       		.byte	0x7d
 1526 0017 08       		.sleb128 8
 1527 0018 00000000 		.4byte	0
 1528 001c 00000000 		.4byte	0
 1529              	.LLST1:
 1530 0020 00000000 		.4byte	.LVL0
 1531 0024 3C000000 		.4byte	.LVL3
 1532 0028 0100     		.2byte	0x1
 1533 002a 50       		.byte	0x50
 1534 002b 3C000000 		.4byte	.LVL3
 1535 002f 50000000 		.4byte	.LVL6
 1536 0033 0400     		.2byte	0x4
 1537 0035 F3       		.byte	0xf3
 1538 0036 01       		.uleb128 0x1
 1539 0037 50       		.byte	0x50
ARM GAS  C:\Users\NICOMA~1\AppData\Local\Temp\ccceqdfi.s 			page 28


 1540 0038 9F       		.byte	0x9f
 1541 0039 50000000 		.4byte	.LVL6
 1542 003d 53000000 		.4byte	.LVL7-1
 1543 0041 0100     		.2byte	0x1
 1544 0043 50       		.byte	0x50
 1545 0044 53000000 		.4byte	.LVL7-1
 1546 0048 5C000000 		.4byte	.LFE7
 1547 004c 0400     		.2byte	0x4
 1548 004e F3       		.byte	0xf3
 1549 004f 01       		.uleb128 0x1
 1550 0050 50       		.byte	0x50
 1551 0051 9F       		.byte	0x9f
 1552 0052 00000000 		.4byte	0
 1553 0056 00000000 		.4byte	0
 1554              	.LLST2:
 1555 005a 00000000 		.4byte	.LVL0
 1556 005e 3C000000 		.4byte	.LVL3
 1557 0062 0100     		.2byte	0x1
 1558 0064 51       		.byte	0x51
 1559 0065 3C000000 		.4byte	.LVL3
 1560 0069 48000000 		.4byte	.LVL5
 1561 006d 0400     		.2byte	0x4
 1562 006f F3       		.byte	0xf3
 1563 0070 01       		.uleb128 0x1
 1564 0071 51       		.byte	0x51
 1565 0072 9F       		.byte	0x9f
 1566 0073 48000000 		.4byte	.LVL5
 1567 0077 50000000 		.4byte	.LVL6
 1568 007b 0100     		.2byte	0x1
 1569 007d 50       		.byte	0x50
 1570 007e 50000000 		.4byte	.LVL6
 1571 0082 53000000 		.4byte	.LVL7-1
 1572 0086 0100     		.2byte	0x1
 1573 0088 51       		.byte	0x51
 1574 0089 53000000 		.4byte	.LVL7-1
 1575 008d 5C000000 		.4byte	.LFE7
 1576 0091 0400     		.2byte	0x4
 1577 0093 F3       		.byte	0xf3
 1578 0094 01       		.uleb128 0x1
 1579 0095 51       		.byte	0x51
 1580 0096 9F       		.byte	0x9f
 1581 0097 00000000 		.4byte	0
 1582 009b 00000000 		.4byte	0
 1583              	.LLST3:
 1584 009f 18000000 		.4byte	.LVL2
 1585 00a3 3C000000 		.4byte	.LVL3
 1586 00a7 0100     		.2byte	0x1
 1587 00a9 5C       		.byte	0x5c
 1588 00aa 3C000000 		.4byte	.LVL3
 1589 00ae 50000000 		.4byte	.LVL6
 1590 00b2 0600     		.2byte	0x6
 1591 00b4 F3       		.byte	0xf3
 1592 00b5 01       		.uleb128 0x1
 1593 00b6 50       		.byte	0x50
 1594 00b7 23       		.byte	0x23
 1595 00b8 2C       		.uleb128 0x2c
 1596 00b9 9F       		.byte	0x9f
ARM GAS  C:\Users\NICOMA~1\AppData\Local\Temp\ccceqdfi.s 			page 29


 1597 00ba 50000000 		.4byte	.LVL6
 1598 00be 53000000 		.4byte	.LVL7-1
 1599 00c2 0100     		.2byte	0x1
 1600 00c4 5C       		.byte	0x5c
 1601 00c5 53000000 		.4byte	.LVL7-1
 1602 00c9 5C000000 		.4byte	.LFE7
 1603 00cd 0600     		.2byte	0x6
 1604 00cf F3       		.byte	0xf3
 1605 00d0 01       		.uleb128 0x1
 1606 00d1 50       		.byte	0x50
 1607 00d2 23       		.byte	0x23
 1608 00d3 2C       		.uleb128 0x2c
 1609 00d4 9F       		.byte	0x9f
 1610 00d5 00000000 		.4byte	0
 1611 00d9 00000000 		.4byte	0
 1612              	.LLST4:
 1613 00dd 00000000 		.4byte	.LFB8
 1614 00e1 04000000 		.4byte	.LCFI1
 1615 00e5 0200     		.2byte	0x2
 1616 00e7 7D       		.byte	0x7d
 1617 00e8 00       		.sleb128 0
 1618 00e9 04000000 		.4byte	.LCFI1
 1619 00ed 58000000 		.4byte	.LFE8
 1620 00f1 0200     		.2byte	0x2
 1621 00f3 7D       		.byte	0x7d
 1622 00f4 08       		.sleb128 8
 1623 00f5 00000000 		.4byte	0
 1624 00f9 00000000 		.4byte	0
 1625              	.LLST5:
 1626 00fd 20000000 		.4byte	.LVL8
 1627 0101 3C000000 		.4byte	.LVL9
 1628 0105 0300     		.2byte	0x3
 1629 0107 72       		.byte	0x72
 1630 0108 2C       		.sleb128 44
 1631 0109 9F       		.byte	0x9f
 1632 010a 00000000 		.4byte	0
 1633 010e 00000000 		.4byte	0
 1634              	.LLST6:
 1635 0112 20000000 		.4byte	.LVL8
 1636 0116 3C000000 		.4byte	.LVL9
 1637 011a 0100     		.2byte	0x1
 1638 011c 50       		.byte	0x50
 1639 011d 00000000 		.4byte	0
 1640 0121 00000000 		.4byte	0
 1641              	.LLST7:
 1642 0125 00000000 		.4byte	.LFB9
 1643 0129 04000000 		.4byte	.LCFI2
 1644 012d 0200     		.2byte	0x2
 1645 012f 7D       		.byte	0x7d
 1646 0130 00       		.sleb128 0
 1647 0131 04000000 		.4byte	.LCFI2
 1648 0135 14000000 		.4byte	.LFE9
 1649 0139 0200     		.2byte	0x2
 1650 013b 7D       		.byte	0x7d
 1651 013c 08       		.sleb128 8
 1652 013d 00000000 		.4byte	0
 1653 0141 00000000 		.4byte	0
ARM GAS  C:\Users\NICOMA~1\AppData\Local\Temp\ccceqdfi.s 			page 30


 1654              	.LLST8:
 1655 0145 00000000 		.4byte	.LVL11
 1656 0149 0B000000 		.4byte	.LVL12-1
 1657 014d 0100     		.2byte	0x1
 1658 014f 50       		.byte	0x50
 1659 0150 0B000000 		.4byte	.LVL12-1
 1660 0154 14000000 		.4byte	.LFE9
 1661 0158 0400     		.2byte	0x4
 1662 015a F3       		.byte	0xf3
 1663 015b 01       		.uleb128 0x1
 1664 015c 50       		.byte	0x50
 1665 015d 9F       		.byte	0x9f
 1666 015e 00000000 		.4byte	0
 1667 0162 00000000 		.4byte	0
 1668              	.LLST9:
 1669 0166 00000000 		.4byte	.LVL11
 1670 016a 0B000000 		.4byte	.LVL12-1
 1671 016e 0100     		.2byte	0x1
 1672 0170 51       		.byte	0x51
 1673 0171 0B000000 		.4byte	.LVL12-1
 1674 0175 14000000 		.4byte	.LFE9
 1675 0179 0400     		.2byte	0x4
 1676 017b F3       		.byte	0xf3
 1677 017c 01       		.uleb128 0x1
 1678 017d 51       		.byte	0x51
 1679 017e 9F       		.byte	0x9f
 1680 017f 00000000 		.4byte	0
 1681 0183 00000000 		.4byte	0
 1682              		.section	.debug_aranges,"",%progbits
 1683 0000 2C000000 		.4byte	0x2c
 1684 0004 0200     		.2byte	0x2
 1685 0006 00000000 		.4byte	.Ldebug_info0
 1686 000a 04       		.byte	0x4
 1687 000b 00       		.byte	0
 1688 000c 0000     		.2byte	0
 1689 000e 0000     		.2byte	0
 1690 0010 00000000 		.4byte	.LFB7
 1691 0014 5C000000 		.4byte	.LFE7-.LFB7
 1692 0018 00000000 		.4byte	.LFB8
 1693 001c 58000000 		.4byte	.LFE8-.LFB8
 1694 0020 00000000 		.4byte	.LFB9
 1695 0024 14000000 		.4byte	.LFE9-.LFB9
 1696 0028 00000000 		.4byte	0
 1697 002c 00000000 		.4byte	0
 1698              		.section	.debug_ranges,"",%progbits
 1699              	.Ldebug_ranges0:
 1700 0000 1C000000 		.4byte	.LBB6
 1701 0004 20000000 		.4byte	.LBE6
 1702 0008 24000000 		.4byte	.LBB10
 1703 000c 28000000 		.4byte	.LBE10
 1704 0010 2C000000 		.4byte	.LBB11
 1705 0014 38000000 		.4byte	.LBE11
 1706 0018 00000000 		.4byte	0
 1707 001c 00000000 		.4byte	0
 1708 0020 00000000 		.4byte	.LFB7
 1709 0024 5C000000 		.4byte	.LFE7
 1710 0028 00000000 		.4byte	.LFB8
ARM GAS  C:\Users\NICOMA~1\AppData\Local\Temp\ccceqdfi.s 			page 31


 1711 002c 58000000 		.4byte	.LFE8
 1712 0030 00000000 		.4byte	.LFB9
 1713 0034 14000000 		.4byte	.LFE9
 1714 0038 00000000 		.4byte	0
 1715 003c 00000000 		.4byte	0
 1716              		.section	.debug_line,"",%progbits
 1717              	.Ldebug_line0:
 1718 0000 73010000 		.section	.debug_str,"MS",%progbits,1
 1718      02000301 
 1718      00000201 
 1718      FB0E0D00 
 1718      01010101 
 1719              	.LASF36:
 1720 0000 705F6D73 		.ascii	"p_msg\000"
 1720      6700
 1721              	.LASF67:
 1722 0006 71756575 		.ascii	"queue_insert\000"
 1722      655F696E 
 1722      73657274 
 1722      00
 1723              	.LASF56:
 1724 0013 7264796D 		.ascii	"rdymsg\000"
 1724      736700
 1725              	.LASF11:
 1726 001a 6C6F6E67 		.ascii	"long long unsigned int\000"
 1726      206C6F6E 
 1726      6720756E 
 1726      7369676E 
 1726      65642069 
 1727              	.LASF57:
 1728 0031 65786974 		.ascii	"exitcode\000"
 1728      636F6465 
 1728      00
 1729              	.LASF24:
 1730 003a 705F7072 		.ascii	"p_prio\000"
 1730      696F00
 1731              	.LASF10:
 1732 0041 6C6F6E67 		.ascii	"long long int\000"
 1732      206C6F6E 
 1732      6720696E 
 1732      7400
 1733              	.LASF1:
 1734 004f 7369676E 		.ascii	"signed char\000"
 1734      65642063 
 1734      68617200 
 1735              	.LASF53:
 1736 005b 6D5F7175 		.ascii	"m_queue\000"
 1736      65756500 
 1737              	.LASF16:
 1738 0063 74736C69 		.ascii	"tslices_t\000"
 1738      6365735F 
 1738      7400
 1739              	.LASF7:
 1740 006d 6C6F6E67 		.ascii	"long int\000"
 1740      20696E74 
 1740      00
 1741              	.LASF62:
ARM GAS  C:\Users\NICOMA~1\AppData\Local\Temp\ccceqdfi.s 			page 32


 1742 0076 63684D73 		.ascii	"chMsgSend\000"
 1742      6753656E 
 1742      6400
 1743              	.LASF14:
 1744 0080 74737461 		.ascii	"tstate_t\000"
 1744      74655F74 
 1744      00
 1745              	.LASF26:
 1746 0089 705F6E65 		.ascii	"p_newer\000"
 1746      77657200 
 1747              	.LASF66:
 1748 0091 433A5C55 		.ascii	"C:\\Users\\Nico Maas\\Desktop\\ChibiOS\\demos\\ARM1"
 1748      73657273 
 1748      5C4E6963 
 1748      6F204D61 
 1748      61735C44 
 1749 00be 312D4243 		.ascii	"1-BCM2835-GCC\000"
 1749      4D323833 
 1749      352D4743 
 1749      4300
 1750              	.LASF48:
 1751 00cc 725F6E65 		.ascii	"r_newer\000"
 1751      77657200 
 1752              	.LASF42:
 1753 00d4 72656761 		.ascii	"regarm_t\000"
 1753      726D5F74 
 1753      00
 1754              	.LASF0:
 1755 00dd 756E7369 		.ascii	"unsigned int\000"
 1755      676E6564 
 1755      20696E74 
 1755      00
 1756              	.LASF9:
 1757 00ea 6C6F6E67 		.ascii	"long unsigned int\000"
 1757      20756E73 
 1757      69676E65 
 1757      6420696E 
 1757      7400
 1758              	.LASF44:
 1759 00fc 636F6E74 		.ascii	"context\000"
 1759      65787400 
 1760              	.LASF4:
 1761 0104 73686F72 		.ascii	"short unsigned int\000"
 1761      7420756E 
 1761      7369676E 
 1761      65642069 
 1761      6E7400
 1762              	.LASF18:
 1763 0117 6D73675F 		.ascii	"msg_t\000"
 1763      7400
 1764              	.LASF13:
 1765 011d 746D6F64 		.ascii	"tmode_t\000"
 1765      655F7400 
 1766              	.LASF41:
 1767 0125 54687265 		.ascii	"ThreadsList\000"
 1767      6164734C 
 1767      69737400 
ARM GAS  C:\Users\NICOMA~1\AppData\Local\Temp\ccceqdfi.s 			page 33


 1768              	.LASF19:
 1769 0131 6576656E 		.ascii	"eventmask_t\000"
 1769      746D6173 
 1769      6B5F7400 
 1770              	.LASF52:
 1771 013d 4D757465 		.ascii	"Mutex\000"
 1771      7800
 1772              	.LASF61:
 1773 0143 73697A65 		.ascii	"sizetype\000"
 1773      74797065 
 1773      00
 1774              	.LASF27:
 1775 014c 705F6F6C 		.ascii	"p_older\000"
 1775      64657200 
 1776              	.LASF47:
 1777 0154 725F6374 		.ascii	"r_ctx\000"
 1777      7800
 1778              	.LASF40:
 1779 015a 54687265 		.ascii	"ThreadsQueue\000"
 1779      61647351 
 1779      75657565 
 1779      00
 1780              	.LASF64:
 1781 0167 474E5520 		.ascii	"GNU C 4.7.2\000"
 1781      4320342E 
 1781      372E3200 
 1782              	.LASF50:
 1783 0173 725F6375 		.ascii	"r_current\000"
 1783      7272656E 
 1783      7400
 1784              	.LASF49:
 1785 017d 725F6F6C 		.ascii	"r_older\000"
 1785      64657200 
 1786              	.LASF15:
 1787 0185 74726566 		.ascii	"trefs_t\000"
 1787      735F7400 
 1788              	.LASF23:
 1789 018d 705F7072 		.ascii	"p_prev\000"
 1789      657600
 1790              	.LASF17:
 1791 0194 74707269 		.ascii	"tprio_t\000"
 1791      6F5F7400 
 1792              	.LASF12:
 1793 019c 5F426F6F 		.ascii	"_Bool\000"
 1793      6C00
 1794              	.LASF6:
 1795 01a2 696E7433 		.ascii	"int32_t\000"
 1795      325F7400 
 1796              	.LASF2:
 1797 01aa 756E7369 		.ascii	"unsigned char\000"
 1797      676E6564 
 1797      20636861 
 1797      7200
 1798              	.LASF38:
 1799 01b8 705F6D74 		.ascii	"p_mtxlist\000"
 1799      786C6973 
 1799      7400
ARM GAS  C:\Users\NICOMA~1\AppData\Local\Temp\ccceqdfi.s 			page 34


 1800              	.LASF3:
 1801 01c2 73686F72 		.ascii	"short int\000"
 1801      7420696E 
 1801      7400
 1802              	.LASF29:
 1803 01cc 705F7374 		.ascii	"p_state\000"
 1803      61746500 
 1804              	.LASF32:
 1805 01d4 705F7072 		.ascii	"p_preempt\000"
 1805      65656D70 
 1805      7400
 1806              	.LASF46:
 1807 01de 725F7072 		.ascii	"r_prio\000"
 1807      696F00
 1808              	.LASF59:
 1809 01e5 65776D61 		.ascii	"ewmask\000"
 1809      736B00
 1810              	.LASF22:
 1811 01ec 705F6E65 		.ascii	"p_next\000"
 1811      787400
 1812              	.LASF30:
 1813 01f3 705F666C 		.ascii	"p_flags\000"
 1813      61677300 
 1814              	.LASF21:
 1815 01fb 54687265 		.ascii	"Thread\000"
 1815      616400
 1816              	.LASF69:
 1817 0202 63684D73 		.ascii	"chMsgRelease\000"
 1817      6752656C 
 1817      65617365 
 1817      00
 1818              	.LASF71:
 1819 020f 63685363 		.ascii	"chSchGoSleepS\000"
 1819      68476F53 
 1819      6C656570 
 1819      5300
 1820              	.LASF37:
 1821 021d 705F6570 		.ascii	"p_epending\000"
 1821      656E6469 
 1821      6E6700
 1822              	.LASF8:
 1823 0228 75696E74 		.ascii	"uint32_t\000"
 1823      33325F74 
 1823      00
 1824              	.LASF45:
 1825 0231 725F7175 		.ascii	"r_queue\000"
 1825      65756500 
 1826              	.LASF72:
 1827 0239 63685363 		.ascii	"chSchReadyI\000"
 1827      68526561 
 1827      64794900 
 1828              	.LASF60:
 1829 0245 63686172 		.ascii	"char\000"
 1829      00
 1830              	.LASF68:
 1831 024a 6669666F 		.ascii	"fifo_remove\000"
 1831      5F72656D 
ARM GAS  C:\Users\NICOMA~1\AppData\Local\Temp\ccceqdfi.s 			page 35


 1831      6F766500 
 1832              	.LASF55:
 1833 0256 6D5F6E65 		.ascii	"m_next\000"
 1833      787400
 1834              	.LASF20:
 1835 025d 73797374 		.ascii	"systime_t\000"
 1835      696D655F 
 1835      7400
 1836              	.LASF39:
 1837 0267 705F7265 		.ascii	"p_realprio\000"
 1837      616C7072 
 1837      696F00
 1838              	.LASF33:
 1839 0272 705F7469 		.ascii	"p_time\000"
 1839      6D6500
 1840              	.LASF43:
 1841 0279 696E7463 		.ascii	"intctx\000"
 1841      747800
 1842              	.LASF35:
 1843 0280 705F6D73 		.ascii	"p_msgqueue\000"
 1843      67717565 
 1843      756500
 1844              	.LASF73:
 1845 028b 63685363 		.ascii	"chSchWakeupS\000"
 1845      6857616B 
 1845      65757053 
 1845      00
 1846              	.LASF63:
 1847 0298 63684D73 		.ascii	"chMsgWait\000"
 1847      67576169 
 1847      7400
 1848              	.LASF31:
 1849 02a2 705F7265 		.ascii	"p_refs\000"
 1849      667300
 1850              	.LASF51:
 1851 02a9 52656164 		.ascii	"ReadyList\000"
 1851      794C6973 
 1851      7400
 1852              	.LASF70:
 1853 02b3 726C6973 		.ascii	"rlist\000"
 1853      7400
 1854              	.LASF5:
 1855 02b9 75696E74 		.ascii	"uint8_t\000"
 1855      385F7400 
 1856              	.LASF58:
 1857 02c1 77746F62 		.ascii	"wtobjp\000"
 1857      6A7000
 1858              	.LASF28:
 1859 02c8 705F6E61 		.ascii	"p_name\000"
 1859      6D6500
 1860              	.LASF65:
 1861 02cf 2E2E2F2E 		.ascii	"../../os/kernel/src/chmsg.c\000"
 1861      2E2F6F73 
 1861      2F6B6572 
 1861      6E656C2F 
 1861      7372632F 
 1862              	.LASF54:
ARM GAS  C:\Users\NICOMA~1\AppData\Local\Temp\ccceqdfi.s 			page 36


 1863 02eb 6D5F6F77 		.ascii	"m_owner\000"
 1863      6E657200 
 1864              	.LASF25:
 1865 02f3 705F6374 		.ascii	"p_ctx\000"
 1865      7800
 1866              	.LASF34:
 1867 02f9 705F7761 		.ascii	"p_waiting\000"
 1867      6974696E 
 1867      6700
 1868              		.ident	"GCC: (GNU) 4.7.2"
ARM GAS  C:\Users\NICOMA~1\AppData\Local\Temp\ccceqdfi.s 			page 37


DEFINED SYMBOLS
                            *ABS*:00000000 chmsg.c
C:\Users\NICOMA~1\AppData\Local\Temp\ccceqdfi.s:17     .text.chMsgSend:00000000 $a
C:\Users\NICOMA~1\AppData\Local\Temp\ccceqdfi.s:20     .text.chMsgSend:00000000 chMsgSend
C:\Users\NICOMA~1\AppData\Local\Temp\ccceqdfi.s:99     .text.chMsgSend:00000058 $d
C:\Users\NICOMA~1\AppData\Local\Temp\ccceqdfi.s:104    .text.chMsgWait:00000000 $a
C:\Users\NICOMA~1\AppData\Local\Temp\ccceqdfi.s:107    .text.chMsgWait:00000000 chMsgWait
C:\Users\NICOMA~1\AppData\Local\Temp\ccceqdfi.s:161    .text.chMsgWait:00000054 $d
C:\Users\NICOMA~1\AppData\Local\Temp\ccceqdfi.s:166    .text.chMsgRelease:00000000 $a
C:\Users\NICOMA~1\AppData\Local\Temp\ccceqdfi.s:169    .text.chMsgRelease:00000000 chMsgRelease
                     .debug_frame:00000010 $d

UNDEFINED SYMBOLS
chSchGoSleepS
chSchReadyI
rlist
chSchWakeupS
