ARM GAS  C:\Users\NICOMA~1\AppData\Local\Temp\cc2Y8T4C.s 			page 1


   1              		.cpu arm1176jz-s
   2              		.fpu softvfp
   3              		.eabi_attribute 20, 1
   4              		.eabi_attribute 21, 1
   5              		.eabi_attribute 23, 3
   6              		.eabi_attribute 24, 1
   7              		.eabi_attribute 25, 1
   8              		.eabi_attribute 26, 1
   9              		.eabi_attribute 30, 2
  10              		.eabi_attribute 34, 1
  11              		.eabi_attribute 18, 4
  12              		.file	"sdc.c"
  13              		.text
  14              	.Ltext0:
  15              		.cfi_sections	.debug_frame
  16              	.Letext0:
  17              		.section	.debug_info,"",%progbits
  18              	.Ldebug_info0:
  19 0000 75000000 		.4byte	0x75
  20 0004 0200     		.2byte	0x2
  21 0006 00000000 		.4byte	.Ldebug_abbrev0
  22 000a 04       		.byte	0x4
  23 000b 01       		.uleb128 0x1
  24 000c 1B000000 		.4byte	.LASF12
  25 0010 01       		.byte	0x1
  26 0011 8B000000 		.4byte	.LASF13
  27 0015 39000000 		.4byte	.LASF14
  28 0019 00000000 		.4byte	.Ldebug_line0
  29 001d 02       		.uleb128 0x2
  30 001e 04       		.byte	0x4
  31 001f 05       		.byte	0x5
  32 0020 696E7400 		.ascii	"int\000"
  33 0024 03       		.uleb128 0x3
  34 0025 04       		.byte	0x4
  35 0026 07       		.byte	0x7
  36 0027 0E000000 		.4byte	.LASF0
  37 002b 03       		.uleb128 0x3
  38 002c 01       		.byte	0x1
  39 002d 06       		.byte	0x6
  40 002e D7000000 		.4byte	.LASF1
  41 0032 03       		.uleb128 0x3
  42 0033 01       		.byte	0x1
  43 0034 08       		.byte	0x8
  44 0035 A2000000 		.4byte	.LASF2
  45 0039 03       		.uleb128 0x3
  46 003a 02       		.byte	0x2
  47 003b 05       		.byte	0x5
  48 003c E3000000 		.4byte	.LASF3
  49 0040 03       		.uleb128 0x3
  50 0041 02       		.byte	0x2
  51 0042 07       		.byte	0x7
  52 0043 C4000000 		.4byte	.LASF4
  53 0047 03       		.uleb128 0x3
  54 0048 04       		.byte	0x4
  55 0049 05       		.byte	0x5
  56 004a B5000000 		.4byte	.LASF5
  57 004e 03       		.uleb128 0x3
ARM GAS  C:\Users\NICOMA~1\AppData\Local\Temp\cc2Y8T4C.s 			page 2


  58 004f 04       		.byte	0x4
  59 0050 07       		.byte	0x7
  60 0051 27000000 		.4byte	.LASF6
  61 0055 03       		.uleb128 0x3
  62 0056 08       		.byte	0x8
  63 0057 05       		.byte	0x5
  64 0058 00000000 		.4byte	.LASF7
  65 005c 03       		.uleb128 0x3
  66 005d 08       		.byte	0x8
  67 005e 07       		.byte	0x7
  68 005f 74000000 		.4byte	.LASF8
  69 0063 03       		.uleb128 0x3
  70 0064 01       		.byte	0x1
  71 0065 02       		.byte	0x2
  72 0066 BE000000 		.4byte	.LASF9
  73 006a 03       		.uleb128 0x3
  74 006b 01       		.byte	0x1
  75 006c 08       		.byte	0x8
  76 006d B0000000 		.4byte	.LASF10
  77 0071 03       		.uleb128 0x3
  78 0072 04       		.byte	0x4
  79 0073 07       		.byte	0x7
  80 0074 ED000000 		.4byte	.LASF11
  81 0078 00       		.byte	0
  82              		.section	.debug_abbrev,"",%progbits
  83              	.Ldebug_abbrev0:
  84 0000 01       		.uleb128 0x1
  85 0001 11       		.uleb128 0x11
  86 0002 01       		.byte	0x1
  87 0003 25       		.uleb128 0x25
  88 0004 0E       		.uleb128 0xe
  89 0005 13       		.uleb128 0x13
  90 0006 0B       		.uleb128 0xb
  91 0007 03       		.uleb128 0x3
  92 0008 0E       		.uleb128 0xe
  93 0009 1B       		.uleb128 0x1b
  94 000a 0E       		.uleb128 0xe
  95 000b 10       		.uleb128 0x10
  96 000c 06       		.uleb128 0x6
  97 000d 00       		.byte	0
  98 000e 00       		.byte	0
  99 000f 02       		.uleb128 0x2
 100 0010 24       		.uleb128 0x24
 101 0011 00       		.byte	0
 102 0012 0B       		.uleb128 0xb
 103 0013 0B       		.uleb128 0xb
 104 0014 3E       		.uleb128 0x3e
 105 0015 0B       		.uleb128 0xb
 106 0016 03       		.uleb128 0x3
 107 0017 08       		.uleb128 0x8
 108 0018 00       		.byte	0
 109 0019 00       		.byte	0
 110 001a 03       		.uleb128 0x3
 111 001b 24       		.uleb128 0x24
 112 001c 00       		.byte	0
 113 001d 0B       		.uleb128 0xb
 114 001e 0B       		.uleb128 0xb
ARM GAS  C:\Users\NICOMA~1\AppData\Local\Temp\cc2Y8T4C.s 			page 3


 115 001f 3E       		.uleb128 0x3e
 116 0020 0B       		.uleb128 0xb
 117 0021 03       		.uleb128 0x3
 118 0022 0E       		.uleb128 0xe
 119 0023 00       		.byte	0
 120 0024 00       		.byte	0
 121 0025 00       		.byte	0
 122              		.section	.debug_aranges,"",%progbits
 123 0000 14000000 		.4byte	0x14
 124 0004 0200     		.2byte	0x2
 125 0006 00000000 		.4byte	.Ldebug_info0
 126 000a 04       		.byte	0x4
 127 000b 00       		.byte	0
 128 000c 0000     		.2byte	0
 129 000e 0000     		.2byte	0
 130 0010 00000000 		.4byte	0
 131 0014 00000000 		.4byte	0
 132              		.section	.debug_line,"",%progbits
 133              	.Ldebug_line0:
 134 0000 19000000 		.section	.debug_str,"MS",%progbits,1
 134      02001300 
 134      00000201 
 134      FB0E0D00 
 134      01010101 
 135              	.LASF7:
 136 0000 6C6F6E67 		.ascii	"long long int\000"
 136      206C6F6E 
 136      6720696E 
 136      7400
 137              	.LASF0:
 138 000e 756E7369 		.ascii	"unsigned int\000"
 138      676E6564 
 138      20696E74 
 138      00
 139              	.LASF12:
 140 001b 474E5520 		.ascii	"GNU C 4.7.2\000"
 140      4320342E 
 140      372E3200 
 141              	.LASF6:
 142 0027 6C6F6E67 		.ascii	"long unsigned int\000"
 142      20756E73 
 142      69676E65 
 142      6420696E 
 142      7400
 143              	.LASF14:
 144 0039 433A5C55 		.ascii	"C:\\Users\\Nico Maas\\Desktop\\ChibiOS\\demos\\ARM1"
 144      73657273 
 144      5C4E6963 
 144      6F204D61 
 144      61735C44 
 145 0066 312D4243 		.ascii	"1-BCM2835-GCC\000"
 145      4D323833 
 145      352D4743 
 145      4300
 146              	.LASF8:
 147 0074 6C6F6E67 		.ascii	"long long unsigned int\000"
 147      206C6F6E 
ARM GAS  C:\Users\NICOMA~1\AppData\Local\Temp\cc2Y8T4C.s 			page 4


 147      6720756E 
 147      7369676E 
 147      65642069 
 148              	.LASF13:
 149 008b 2E2E2F2E 		.ascii	"../../os/hal/src/sdc.c\000"
 149      2E2F6F73 
 149      2F68616C 
 149      2F737263 
 149      2F736463 
 150              	.LASF2:
 151 00a2 756E7369 		.ascii	"unsigned char\000"
 151      676E6564 
 151      20636861 
 151      7200
 152              	.LASF10:
 153 00b0 63686172 		.ascii	"char\000"
 153      00
 154              	.LASF5:
 155 00b5 6C6F6E67 		.ascii	"long int\000"
 155      20696E74 
 155      00
 156              	.LASF9:
 157 00be 5F426F6F 		.ascii	"_Bool\000"
 157      6C00
 158              	.LASF4:
 159 00c4 73686F72 		.ascii	"short unsigned int\000"
 159      7420756E 
 159      7369676E 
 159      65642069 
 159      6E7400
 160              	.LASF1:
 161 00d7 7369676E 		.ascii	"signed char\000"
 161      65642063 
 161      68617200 
 162              	.LASF3:
 163 00e3 73686F72 		.ascii	"short int\000"
 163      7420696E 
 163      7400
 164              	.LASF11:
 165 00ed 73697A65 		.ascii	"sizetype\000"
 165      74797065 
 165      00
 166              		.ident	"GCC: (GNU) 4.7.2"
ARM GAS  C:\Users\NICOMA~1\AppData\Local\Temp\cc2Y8T4C.s 			page 5


DEFINED SYMBOLS
                            *ABS*:00000000 sdc.c

NO UNDEFINED SYMBOLS
